Note: due to dependencies, the following tests will be run: q4 q6
Starting on 8-19 at 21:36:01

Question q4
===========
*** PASS: test_cases/q4/astar_0.test
*** 	solution:		['Right', 'Down', 'Down']
*** 	expanded_states:	['A', 'B', 'D', 'C', 'G']
*** FAIL: test_cases/q4/astar_1_graph_heuristic.test
*** 	graph:
*** 	         2     3     2
*** 	      S --- A --- C ---> G
*** 	      | \       /       ^
*** 	    3 |  \ 5   / 1     / 
*** 	      |   \   /       / 
*** 	      B --- D -------/
*** 	         4         5  
*** 	    
*** 	    S is the start state, G is the goal.  Arrows mark possible state 
*** 	    transitions.  The number next to the arrow is the cost of that transition.
*** 	    
*** 	    The heuristic value of each state is:
*** 	    	S 6.0
*** 	    	A 2.5
*** 	    	B 5.25
*** 	    	C 1.125
*** 	    	D 1.0625
*** 	    	G 0
*** 	student solution:		['2', '2']
*** 	student expanded_states:	['S', 'A', 'D', 'C', 'B']
*** 
*** 	correct solution:		['0', '0', '2']
*** 	correct expanded_states:	['S', 'A', 'D', 'C']
*** 	correct rev_solution:		['0', '0', '2']
*** 	correct rev_expanded_states:	['S', 'A', 'D', 'C']
*** PASS: test_cases/q4/astar_2_manhattan.test
*** 	pacman layout:		mediumMaze
*** 	solution length: 68
*** 	nodes expanded:		221
*** FAIL: test_cases/q4/astar_3_goalAtDequeue.test
*** 	graph:
*** 	        1      1      1
*** 	    *A ---> B ---> C ---> [G]
*** 	     |                     ^
*** 	     |         10          |
*** 	     \---------------------/
*** 	    
*** 	    A is the start state, G is the goal.  Arrows mark possible state 
*** 	    transitions.  The number next to the arrow is the cost of that transition.
*** 	    
*** 	    If you fail this test case, you may be incorrectly testing if a node is a goal 
*** 	    before adding it into the queue, instead of testing when you remove the node 
*** 	    from the queue.  See the algorithm pseudocode in lecture.
*** 	student solution:		['0:A->G']
*** 	student expanded_states:	['A', 'B', 'C']
*** 
*** 	correct solution:		['1:A->B', '0:B->C', '0:C->G']
*** 	correct expanded_states:	['A', 'B', 'C']
*** 	correct rev_solution:		['1:A->B', '0:B->C', '0:C->G']
*** 	correct rev_expanded_states:	['A', 'B', 'C']
*** PASS: test_cases/q4/graph_backtrack.test
*** 	solution:		['1:A->C', '0:C->G']
*** 	expanded_states:	['A', 'B', 'C', 'D']
*** PASS: test_cases/q4/graph_manypaths.test
*** 	solution:		['1:A->C', '0:C->D', '1:D->F', '0:F->G']
*** 	expanded_states:	['A', 'B1', 'C', 'B2', 'D', 'E1', 'F', 'E2']
*** Tests failed.

### Question q4: 0/3 ###


Question q6
===========
(1, 1) 7
(1, 3) 7
(4, 1) 7
(4, 3) 7
[7, 7, 7, 7]
[7, 7, 7, 7]
[7, 7, 7, 7]
[7, 7, 7, 7]
(1, 2) [8, 8, 11, 11] [[0, 2, 3, 5], [2, 0, 5, 3], [3, 5, 0, 2], [5, 3, 2, 0]]
(1, 1) 5
(4, 1) 7
(4, 3) 5
[5, 7, 7, 5]
[5, 7, 7, 5]
[5, 7, 7, 5]
[5, 7, 7, 5]
(1, 3) [7, 7, 12, 8] [[0, 2, 3, 5], [2, 0, 5, 3], [3, 5, 0, 2], [5, 3, 2, 0]]
(1, 3) 5
(4, 1) 5
(4, 3) 7
[7, 5, 5, 7]
[7, 5, 5, 7]
[7, 5, 5, 7]
[7, 5, 5, 7]
(1, 1) [7, 7, 8, 12] [[0, 2, 3, 5], [2, 0, 5, 3], [3, 5, 0, 2], [5, 3, 2, 0]]
[7, 7, 7, 7]
[7, 7, 7, 7]
[7, 7, 7, 7]
[7, 7, 7, 7]
(2, 2) [9, 9, 10, 10] [[0, 2, 3, 5], [2, 0, 5, 3], [3, 5, 0, 2], [5, 3, 2, 0]]
[7, 7, 7, 7]
[7, 7, 7, 7]
[7, 7, 7, 7]
[7, 7, 7, 7]
(1, 2) [8, 8, 11, 11] [[0, 2, 3, 5], [2, 0, 5, 3], [3, 5, 0, 2], [5, 3, 2, 0]]
[7, 7, 7, 7]
[7, 7, 7, 7]
[7, 7, 7, 7]
[7, 7, 7, 7]
(1, 2) [8, 8, 11, 11] [[0, 2, 3, 5], [2, 0, 5, 3], [3, 5, 0, 2], [5, 3, 2, 0]]
[5, 7, 7, 5]
[5, 7, 7, 5]
[5, 7, 7, 5]
[5, 7, 7, 5]
(1, 3) [7, 7, 12, 8] [[0, 2, 3, 5], [2, 0, 5, 3], [3, 5, 0, 2], [5, 3, 2, 0]]
[5, 7, 7, 5]
[5, 7, 7, 5]
[5, 7, 7, 5]
[5, 7, 7, 5]
(1, 2) [6, 8, 11, 9] [[0, 2, 3, 5], [2, 0, 5, 3], [3, 5, 0, 2], [5, 3, 2, 0]]
(4, 1) 2
(4, 3) 2
[5, 5, 2, 2]
[5, 5, 2, 2]
[5, 5, 2, 2]
[5, 5, 2, 2]
(1, 1) [5, 7, 5, 7] [[0, 2, 3, 5], [2, 0, 5, 3], [3, 5, 0, 2], [5, 3, 2, 0]]
[5, 5, 2, 2]
[5, 5, 2, 2]
[5, 5, 2, 2]
[5, 5, 2, 2]
(2, 1) [6, 8, 4, 6] [[0, 2, 3, 5], [2, 0, 5, 3], [3, 5, 0, 2], [5, 3, 2, 0]]
[5, 5, 2, 2]
[5, 5, 2, 2]
[5, 5, 2, 2]
[5, 5, 2, 2]
(3, 1) [7, 9, 3, 5] [[0, 2, 3, 5], [2, 0, 5, 3], [3, 5, 0, 2], [5, 3, 2, 0]]
(1, 1) 5
(1, 3) 3
(4, 3) 0
[5, 3, 2, 0]
[5, 3, 2, 0]
[5, 3, 2, 0]
[5, 3, 2, 0]
(4, 1) [8, 8, 2, 2] [[0, 2, 3, 5], [2, 0, 5, 3], [3, 5, 0, 2], [5, 3, 2, 0]]
[5, 3, 2, 0]
[5, 3, 2, 0]
[5, 3, 2, 0]
[5, 3, 2, 0]
(4, 2) [9, 7, 3, 1] [[0, 2, 3, 5], [2, 0, 5, 3], [3, 5, 0, 2], [5, 3, 2, 0]]
(1, 1) 0
(1, 3) 0
(4, 1) 0
[0, 0, 0, 0]
[0, 0, 0, 0]
[0, 0, 0, 0]
[0, 0, 0, 0]
(4, 3) [5, 3, 2, 0] [[0, 2, 3, 5], [2, 0, 5, 3], [3, 5, 0, 2], [5, 3, 2, 0]]
*** PASS: heuristic value less than true cost at start state
(1, 1) 7
(1, 3) 9
(4, 1) 7
(4, 3) 9
[7, 9, 7, 9]
[7, 9, 7, 9]
[7, 9, 7, 9]
[7, 9, 7, 9]
(2, 1) [8, 12, 9, 13] [[0, 2, 7, 5], [2, 0, 5, 3], [7, 5, 0, 2], [5, 3, 2, 0]]
(1, 3) 5
(4, 1) 5
(4, 3) 7
[7, 5, 5, 7]
[7, 5, 5, 7]
[7, 5, 5, 7]
[7, 5, 5, 7]
(1, 1) [7, 7, 8, 12] [[0, 2, 7, 5], [2, 0, 5, 3], [7, 5, 0, 2], [5, 3, 2, 0]]
[7, 9, 7, 9]
[7, 9, 7, 9]
[7, 9, 7, 9]
[7, 9, 7, 9]
(2, 1) [8, 12, 9, 13] [[0, 2, 7, 5], [2, 0, 5, 3], [7, 5, 0, 2], [5, 3, 2, 0]]
[7, 9, 7, 9]
[7, 9, 7, 9]
[7, 9, 7, 9]
[7, 9, 7, 9]
(2, 1) [8, 12, 9, 13] [[0, 2, 7, 5], [2, 0, 5, 3], [7, 5, 0, 2], [5, 3, 2, 0]]
[7, 5, 5, 7]
[7, 5, 5, 7]
[7, 5, 5, 7]
[7, 5, 5, 7]
(1, 1) [7, 7, 8, 12] [[0, 2, 7, 5], [2, 0, 5, 3], [7, 5, 0, 2], [5, 3, 2, 0]]
[7, 5, 5, 7]
[7, 5, 5, 7]
[7, 5, 5, 7]
[7, 5, 5, 7]
(1, 2) [8, 6, 9, 11] [[0, 2, 7, 5], [2, 0, 5, 3], [7, 5, 0, 2], [5, 3, 2, 0]]
(1, 1) 7
(4, 1) 2
(4, 3) 2
[7, 5, 2, 2]
[7, 5, 2, 2]
[7, 5, 2, 2]
[7, 5, 2, 2]
(1, 3) [9, 5, 7, 5] [[0, 2, 7, 5], [2, 0, 5, 3], [7, 5, 0, 2], [5, 3, 2, 0]]
[7, 5, 2, 2]
[7, 5, 2, 2]
[7, 5, 2, 2]
[7, 5, 2, 2]
(2, 3) [10, 6, 6, 4] [[0, 2, 7, 5], [2, 0, 5, 3], [7, 5, 0, 2], [5, 3, 2, 0]]
[7, 5, 2, 2]
[7, 5, 2, 2]
[7, 5, 2, 2]
[7, 5, 2, 2]
(3, 3) [11, 7, 5, 3] [[0, 2, 7, 5], [2, 0, 5, 3], [7, 5, 0, 2], [5, 3, 2, 0]]
(1, 1) 7
(1, 3) 5
(4, 1) 0
[7, 5, 0, 2]
[7, 5, 0, 2]
[7, 5, 0, 2]
[7, 5, 0, 2]
(4, 3) [12, 8, 2, 2] [[0, 2, 7, 5], [2, 0, 5, 3], [7, 5, 0, 2], [5, 3, 2, 0]]
[7, 5, 0, 2]
[7, 5, 0, 2]
[7, 5, 0, 2]
[7, 5, 0, 2]
(4, 2) [11, 9, 1, 3] [[0, 2, 7, 5], [2, 0, 5, 3], [7, 5, 0, 2], [5, 3, 2, 0]]
(1, 1) 0
(1, 3) 0
(4, 3) 0
[0, 0, 0, 0]
[0, 0, 0, 0]
[0, 0, 0, 0]
[0, 0, 0, 0]
(4, 1) [3, 5, 0, 2] [[0, 2, 7, 5], [2, 0, 5, 3], [7, 5, 0, 2], [5, 3, 2, 0]]
*** PASS: heuristic value less than true cost at start state
(1, 1) 21
(1, 6) 21
(6, 1) 26
(6, 6) 29
[21, 21, 26, 29]
[21, 21, 26, 29]
[21, 21, 26, 29]
[21, 21, 26, 29]
(5, 4) [28, 27, 30, 32] [[0, 19, 5, 10], [19, 0, 16, 11], [5, 16, 0, 5], [10, 11, 5, 0]]
[21, 21, 26, 29]
[21, 21, 26, 29]
[21, 21, 26, 29]
[21, 21, 26, 29]
(5, 5) [29, 26, 31, 31] [[0, 19, 5, 10], [19, 0, 16, 11], [5, 16, 0, 5], [10, 11, 5, 0]]
[21, 21, 26, 29]
[21, 21, 26, 29]
[21, 21, 26, 29]
[21, 21, 26, 29]
(5, 3) [27, 28, 29, 33] [[0, 19, 5, 10], [19, 0, 16, 11], [5, 16, 0, 5], [10, 11, 5, 0]]
[21, 21, 26, 29]
[21, 21, 26, 29]
[21, 21, 26, 29]
[21, 21, 26, 29]
(6, 4) [29, 28, 29, 31] [[0, 19, 5, 10], [19, 0, 16, 11], [5, 16, 0, 5], [10, 11, 5, 0]]
[21, 21, 26, 29]
[21, 21, 26, 29]
[21, 21, 26, 29]
[21, 21, 26, 29]
(5, 4) [28, 27, 30, 32] [[0, 19, 5, 10], [19, 0, 16, 11], [5, 16, 0, 5], [10, 11, 5, 0]]
[21, 21, 26, 29]
[21, 21, 26, 29]
[21, 21, 26, 29]
[21, 21, 26, 29]
(5, 4) [28, 27, 30, 32] [[0, 19, 5, 10], [19, 0, 16, 11], [5, 16, 0, 5], [10, 11, 5, 0]]
[21, 21, 26, 29]
[21, 21, 26, 29]
[21, 21, 26, 29]
[21, 21, 26, 29]
(5, 3) [27, 28, 29, 33] [[0, 19, 5, 10], [19, 0, 16, 11], [5, 16, 0, 5], [10, 11, 5, 0]]
[21, 21, 26, 29]
[21, 21, 26, 29]
[21, 21, 26, 29]
[21, 21, 26, 29]
(5, 2) [26, 29, 28, 34] [[0, 19, 5, 10], [19, 0, 16, 11], [5, 16, 0, 5], [10, 11, 5, 0]]
[21, 21, 26, 29]
[21, 21, 26, 29]
[21, 21, 26, 29]
[21, 21, 26, 29]
(5, 1) [25, 30, 27, 35] [[0, 19, 5, 10], [19, 0, 16, 11], [5, 16, 0, 5], [10, 11, 5, 0]]
[21, 21, 26, 29]
[21, 21, 26, 29]
[21, 21, 26, 29]
[21, 21, 26, 29]
(4, 1) [24, 29, 28, 36] [[0, 19, 5, 10], [19, 0, 16, 11], [5, 16, 0, 5], [10, 11, 5, 0]]
[21, 21, 26, 29]
[21, 21, 26, 29]
[21, 21, 26, 29]
[21, 21, 26, 29]
(3, 1) [23, 28, 29, 37] [[0, 19, 5, 10], [19, 0, 16, 11], [5, 16, 0, 5], [10, 11, 5, 0]]
[21, 21, 26, 29]
[21, 21, 26, 29]
[21, 21, 26, 29]
[21, 21, 26, 29]
(2, 1) [22, 27, 30, 38] [[0, 19, 5, 10], [19, 0, 16, 11], [5, 16, 0, 5], [10, 11, 5, 0]]
(1, 6) 16
(6, 1) 16
(6, 6) 21
[21, 16, 16, 21]
[21, 16, 16, 21]
[21, 16, 16, 21]
[21, 16, 16, 21]
(1, 1) [21, 21, 21, 31] [[0, 19, 5, 10], [19, 0, 16, 11], [5, 16, 0, 5], [10, 11, 5, 0]]
[21, 16, 16, 21]
[21, 16, 16, 21]
[21, 16, 16, 21]
[21, 16, 16, 21]
(2, 1) [22, 22, 20, 30] [[0, 19, 5, 10], [19, 0, 16, 11], [5, 16, 0, 5], [10, 11, 5, 0]]
[21, 16, 16, 21]
[21, 16, 16, 21]
[21, 16, 16, 21]
[21, 16, 16, 21]
(3, 1) [23, 23, 19, 29] [[0, 19, 5, 10], [19, 0, 16, 11], [5, 16, 0, 5], [10, 11, 5, 0]]
[21, 16, 16, 21]
[21, 16, 16, 21]
[21, 16, 16, 21]
[21, 16, 16, 21]
(4, 1) [24, 24, 18, 28] [[0, 19, 5, 10], [19, 0, 16, 11], [5, 16, 0, 5], [10, 11, 5, 0]]
[21, 16, 16, 21]
[21, 16, 16, 21]
[21, 16, 16, 21]
[21, 16, 16, 21]
(5, 1) [25, 25, 17, 27] [[0, 19, 5, 10], [19, 0, 16, 11], [5, 16, 0, 5], [10, 11, 5, 0]]
(1, 1) 21
(1, 6) 11
(6, 6) 11
[21, 11, 16, 11]
[21, 11, 16, 11]
[21, 11, 16, 11]
[21, 11, 16, 11]
(6, 1) [26, 21, 16, 16] [[0, 19, 5, 10], [19, 0, 16, 11], [5, 16, 0, 5], [10, 11, 5, 0]]
[21, 11, 16, 11]
[21, 11, 16, 11]
[21, 11, 16, 11]
[21, 11, 16, 11]
(6, 2) [27, 20, 17, 15] [[0, 19, 5, 10], [19, 0, 16, 11], [5, 16, 0, 5], [10, 11, 5, 0]]
[21, 11, 16, 11]
[21, 11, 16, 11]
[21, 11, 16, 11]
[21, 11, 16, 11]
(6, 3) [28, 19, 18, 14] [[0, 19, 5, 10], [19, 0, 16, 11], [5, 16, 0, 5], [10, 11, 5, 0]]
[21, 11, 16, 11]
[21, 11, 16, 11]
[21, 11, 16, 11]
[21, 11, 16, 11]
(6, 4) [29, 18, 19, 13] [[0, 19, 5, 10], [19, 0, 16, 11], [5, 16, 0, 5], [10, 11, 5, 0]]
[21, 11, 16, 11]
[21, 11, 16, 11]
[21, 11, 16, 11]
[21, 11, 16, 11]
(6, 5) [30, 17, 20, 12] [[0, 19, 5, 10], [19, 0, 16, 11], [5, 16, 0, 5], [10, 11, 5, 0]]
(1, 1) 19
(1, 6) 0
(6, 1) 16
[19, 0, 16, 11]
[19, 0, 16, 11]
[19, 0, 16, 11]
[19, 0, 16, 11]
(6, 6) [29, 5, 21, 11] [[0, 19, 5, 10], [19, 0, 16, 11], [5, 16, 0, 5], [10, 11, 5, 0]]
[19, 0, 16, 11]
[19, 0, 16, 11]
[19, 0, 16, 11]
[19, 0, 16, 11]
(5, 6) [28, 4, 22, 12] [[0, 19, 5, 10], [19, 0, 16, 11], [5, 16, 0, 5], [10, 11, 5, 0]]
[19, 0, 16, 11]
[19, 0, 16, 11]
[19, 0, 16, 11]
[19, 0, 16, 11]
(4, 6) [27, 3, 23, 13] [[0, 19, 5, 10], [19, 0, 16, 11], [5, 16, 0, 5], [10, 11, 5, 0]]
[19, 0, 16, 11]
[19, 0, 16, 11]
[19, 0, 16, 11]
[19, 0, 16, 11]
(3, 6) [26, 2, 24, 14] [[0, 19, 5, 10], [19, 0, 16, 11], [5, 16, 0, 5], [10, 11, 5, 0]]
[19, 0, 16, 11]
[19, 0, 16, 11]
[19, 0, 16, 11]
[19, 0, 16, 11]
(3, 5) [25, 3, 23, 15] [[0, 19, 5, 10], [19, 0, 16, 11], [5, 16, 0, 5], [10, 11, 5, 0]]
[19, 0, 16, 11]
[19, 0, 16, 11]
[19, 0, 16, 11]
[19, 0, 16, 11]
(3, 4) [24, 4, 22, 16] [[0, 19, 5, 10], [19, 0, 16, 11], [5, 16, 0, 5], [10, 11, 5, 0]]
[19, 0, 16, 11]
[19, 0, 16, 11]
[19, 0, 16, 11]
[19, 0, 16, 11]
(3, 3) [23, 5, 21, 17] [[0, 19, 5, 10], [19, 0, 16, 11], [5, 16, 0, 5], [10, 11, 5, 0]]
[19, 0, 16, 11]
[19, 0, 16, 11]
[19, 0, 16, 11]
[19, 0, 16, 11]
(2, 3) [22, 4, 22, 18] [[0, 19, 5, 10], [19, 0, 16, 11], [5, 16, 0, 5], [10, 11, 5, 0]]
[19, 0, 16, 11]
[19, 0, 16, 11]
[19, 0, 16, 11]
[19, 0, 16, 11]
(1, 3) [21, 3, 23, 19] [[0, 19, 5, 10], [19, 0, 16, 11], [5, 16, 0, 5], [10, 11, 5, 0]]
[19, 0, 16, 11]
[19, 0, 16, 11]
[19, 0, 16, 11]
[19, 0, 16, 11]
(1, 4) [22, 2, 24, 18] [[0, 19, 5, 10], [19, 0, 16, 11], [5, 16, 0, 5], [10, 11, 5, 0]]
[19, 0, 16, 11]
[19, 0, 16, 11]
[19, 0, 16, 11]
[19, 0, 16, 11]
(1, 5) [23, 1, 25, 17] [[0, 19, 5, 10], [19, 0, 16, 11], [5, 16, 0, 5], [10, 11, 5, 0]]
(1, 1) 0
(6, 1) 0
(6, 6) 0
[0, 0, 0, 0]
[0, 0, 0, 0]
[0, 0, 0, 0]
[0, 0, 0, 0]
(1, 6) [5, 0, 10, 5] [[0, 19, 5, 10], [19, 0, 16, 11], [5, 16, 0, 5], [10, 11, 5, 0]]
((6, 5), {(1, 1): True, (1, 6): False, (6, 1): True, (6, 6): False}) ((6, 6), {(1, 1): True, (1, 6): False, (6, 1): True, (6, 6): True})
12 5
*** FAIL: inconsistent heuristic 2
(1, 1) 88
(1, 12) 83
(28, 1) 84
(28, 12) 83
[88, 83, 84, 83]
[88, 83, 84, 83]
[88, 83, 84, 83]
[88, 83, 84, 83]
(5, 1) [92, 98, 107, 117] [[0, 19, 49, 50], [19, 0, 54, 55], [49, 54, 0, 15], [50, 55, 15, 0]]
[88, 83, 84, 83]
[88, 83, 84, 83]
[88, 83, 84, 83]
[88, 83, 84, 83]
(5, 1) [92, 98, 107, 117] [[0, 19, 49, 50], [19, 0, 54, 55], [49, 54, 0, 15], [50, 55, 15, 0]]
[88, 83, 84, 83]
[88, 83, 84, 83]
[88, 83, 84, 83]
[88, 83, 84, 83]
(5, 2) [93, 97, 108, 116] [[0, 19, 49, 50], [19, 0, 54, 55], [49, 54, 0, 15], [50, 55, 15, 0]]
[88, 83, 84, 83]
[88, 83, 84, 83]
[88, 83, 84, 83]
[88, 83, 84, 83]
(6, 2) [94, 98, 107, 115] [[0, 19, 49, 50], [19, 0, 54, 55], [49, 54, 0, 15], [50, 55, 15, 0]]
[88, 83, 84, 83]
[88, 83, 84, 83]
[88, 83, 84, 83]
[88, 83, 84, 83]
(7, 2) [95, 99, 106, 114] [[0, 19, 49, 50], [19, 0, 54, 55], [49, 54, 0, 15], [50, 55, 15, 0]]
[88, 83, 84, 83]
[88, 83, 84, 83]
[88, 83, 84, 83]
[88, 83, 84, 83]
(8, 2) [96, 100, 105, 113] [[0, 19, 49, 50], [19, 0, 54, 55], [49, 54, 0, 15], [50, 55, 15, 0]]
[88, 83, 84, 83]
[88, 83, 84, 83]
[88, 83, 84, 83]
[88, 83, 84, 83]
(9, 2) [97, 101, 104, 112] [[0, 19, 49, 50], [19, 0, 54, 55], [49, 54, 0, 15], [50, 55, 15, 0]]
[88, 83, 84, 83]
[88, 83, 84, 83]
[88, 83, 84, 83]
[88, 83, 84, 83]
(9, 3) [98, 100, 105, 111] [[0, 19, 49, 50], [19, 0, 54, 55], [49, 54, 0, 15], [50, 55, 15, 0]]
[88, 83, 84, 83]
[88, 83, 84, 83]
[88, 83, 84, 83]
[88, 83, 84, 83]
(9, 4) [99, 99, 106, 110] [[0, 19, 49, 50], [19, 0, 54, 55], [49, 54, 0, 15], [50, 55, 15, 0]]
[88, 83, 84, 83]
[88, 83, 84, 83]
[88, 83, 84, 83]
[88, 83, 84, 83]
(10, 4) [100, 100, 105, 109] [[0, 19, 49, 50], [19, 0, 54, 55], [49, 54, 0, 15], [50, 55, 15, 0]]
[88, 83, 84, 83]
[88, 83, 84, 83]
[88, 83, 84, 83]
[88, 83, 84, 83]
(8, 4) [98, 98, 107, 111] [[0, 19, 49, 50], [19, 0, 54, 55], [49, 54, 0, 15], [50, 55, 15, 0]]
[88, 83, 84, 83]
[88, 83, 84, 83]
[88, 83, 84, 83]
[88, 83, 84, 83]
(7, 4) [97, 97, 108, 112] [[0, 19, 49, 50], [19, 0, 54, 55], [49, 54, 0, 15], [50, 55, 15, 0]]
[88, 83, 84, 83]
[88, 83, 84, 83]
[88, 83, 84, 83]
[88, 83, 84, 83]
(6, 4) [96, 96, 109, 113] [[0, 19, 49, 50], [19, 0, 54, 55], [49, 54, 0, 15], [50, 55, 15, 0]]
[88, 83, 84, 83]
[88, 83, 84, 83]
[88, 83, 84, 83]
[88, 83, 84, 83]
(5, 4) [95, 95, 110, 114] [[0, 19, 49, 50], [19, 0, 54, 55], [49, 54, 0, 15], [50, 55, 15, 0]]
[88, 83, 84, 83]
[88, 83, 84, 83]
[88, 83, 84, 83]
[88, 83, 84, 83]
(5, 5) [96, 94, 111, 113] [[0, 19, 49, 50], [19, 0, 54, 55], [49, 54, 0, 15], [50, 55, 15, 0]]
[88, 83, 84, 83]
[88, 83, 84, 83]
[88, 83, 84, 83]
[88, 83, 84, 83]
(4, 4) [94, 94, 111, 115] [[0, 19, 49, 50], [19, 0, 54, 55], [49, 54, 0, 15], [50, 55, 15, 0]]
[88, 83, 84, 83]
[88, 83, 84, 83]
[88, 83, 84, 83]
[88, 83, 84, 83]
(5, 6) [97, 93, 112, 112] [[0, 19, 49, 50], [19, 0, 54, 55], [49, 54, 0, 15], [50, 55, 15, 0]]
[88, 83, 84, 83]
[88, 83, 84, 83]
[88, 83, 84, 83]
[88, 83, 84, 83]
(3, 4) [93, 93, 112, 116] [[0, 19, 49, 50], [19, 0, 54, 55], [49, 54, 0, 15], [50, 55, 15, 0]]
[88, 83, 84, 83]
[88, 83, 84, 83]
[88, 83, 84, 83]
[88, 83, 84, 83]
(5, 7) [98, 92, 113, 111] [[0, 19, 49, 50], [19, 0, 54, 55], [49, 54, 0, 15], [50, 55, 15, 0]]
[88, 83, 84, 83]
[88, 83, 84, 83]
[88, 83, 84, 83]
[88, 83, 84, 83]
(6, 6) [98, 94, 111, 111] [[0, 19, 49, 50], [19, 0, 54, 55], [49, 54, 0, 15], [50, 55, 15, 0]]
[88, 83, 84, 83]
[88, 83, 84, 83]
[88, 83, 84, 83]
[88, 83, 84, 83]
(4, 6) [96, 92, 113, 113] [[0, 19, 49, 50], [19, 0, 54, 55], [49, 54, 0, 15], [50, 55, 15, 0]]
[88, 83, 84, 83]
[88, 83, 84, 83]
[88, 83, 84, 83]
[88, 83, 84, 83]
(3, 5) [94, 92, 113, 115] [[0, 19, 49, 50], [19, 0, 54, 55], [49, 54, 0, 15], [50, 55, 15, 0]]
[88, 83, 84, 83]
[88, 83, 84, 83]
[88, 83, 84, 83]
[88, 83, 84, 83]
(3, 3) [92, 94, 111, 117] [[0, 19, 49, 50], [19, 0, 54, 55], [49, 54, 0, 15], [50, 55, 15, 0]]
[88, 83, 84, 83]
[88, 83, 84, 83]
[88, 83, 84, 83]
[88, 83, 84, 83]
(5, 8) [99, 91, 114, 110] [[0, 19, 49, 50], [19, 0, 54, 55], [49, 54, 0, 15], [50, 55, 15, 0]]
[88, 83, 84, 83]
[88, 83, 84, 83]
[88, 83, 84, 83]
[88, 83, 84, 83]
(3, 6) [95, 91, 114, 114] [[0, 19, 49, 50], [19, 0, 54, 55], [49, 54, 0, 15], [50, 55, 15, 0]]
[88, 83, 84, 83]
[88, 83, 84, 83]
[88, 83, 84, 83]
[88, 83, 84, 83]
(3, 2) [91, 95, 110, 118] [[0, 19, 49, 50], [19, 0, 54, 55], [49, 54, 0, 15], [50, 55, 15, 0]]
[88, 83, 84, 83]
[88, 83, 84, 83]
[88, 83, 84, 83]
[88, 83, 84, 83]
(5, 9) [100, 90, 115, 109] [[0, 19, 49, 50], [19, 0, 54, 55], [49, 54, 0, 15], [50, 55, 15, 0]]
[88, 83, 84, 83]
[88, 83, 84, 83]
[88, 83, 84, 83]
[88, 83, 84, 83]
(2, 6) [94, 90, 115, 115] [[0, 19, 49, 50], [19, 0, 54, 55], [49, 54, 0, 15], [50, 55, 15, 0]]
[88, 83, 84, 83]
[88, 83, 84, 83]
[88, 83, 84, 83]
[88, 83, 84, 83]
(3, 1) [90, 96, 109, 119] [[0, 19, 49, 50], [19, 0, 54, 55], [49, 54, 0, 15], [50, 55, 15, 0]]
[88, 83, 84, 83]
[88, 83, 84, 83]
[88, 83, 84, 83]
[88, 83, 84, 83]
(2, 2) [90, 94, 111, 119] [[0, 19, 49, 50], [19, 0, 54, 55], [49, 54, 0, 15], [50, 55, 15, 0]]
[88, 83, 84, 83]
[88, 83, 84, 83]
[88, 83, 84, 83]
[88, 83, 84, 83]
(5, 10) [101, 89, 116, 108] [[0, 19, 49, 50], [19, 0, 54, 55], [49, 54, 0, 15], [50, 55, 15, 0]]
[88, 83, 84, 83]
[88, 83, 84, 83]
[88, 83, 84, 83]
[88, 83, 84, 83]
(1, 6) [93, 89, 116, 116] [[0, 19, 49, 50], [19, 0, 54, 55], [49, 54, 0, 15], [50, 55, 15, 0]]
[88, 83, 84, 83]
[88, 83, 84, 83]
[88, 83, 84, 83]
[88, 83, 84, 83]
(2, 1) [89, 95, 110, 120] [[0, 19, 49, 50], [19, 0, 54, 55], [49, 54, 0, 15], [50, 55, 15, 0]]
[88, 83, 84, 83]
[88, 83, 84, 83]
[88, 83, 84, 83]
[88, 83, 84, 83]
(1, 2) [89, 93, 112, 120] [[0, 19, 49, 50], [19, 0, 54, 55], [49, 54, 0, 15], [50, 55, 15, 0]]
[88, 83, 84, 83]
[88, 83, 84, 83]
[88, 83, 84, 83]
[88, 83, 84, 83]
(5, 11) [102, 88, 117, 107] [[0, 19, 49, 50], [19, 0, 54, 55], [49, 54, 0, 15], [50, 55, 15, 0]]
[88, 83, 84, 83]
[88, 83, 84, 83]
[88, 83, 84, 83]
[88, 83, 84, 83]
(6, 10) [102, 90, 115, 107] [[0, 19, 49, 50], [19, 0, 54, 55], [49, 54, 0, 15], [50, 55, 15, 0]]
[88, 83, 84, 83]
[88, 83, 84, 83]
[88, 83, 84, 83]
[88, 83, 84, 83]
(4, 10) [100, 88, 117, 109] [[0, 19, 49, 50], [19, 0, 54, 55], [49, 54, 0, 15], [50, 55, 15, 0]]
[88, 83, 84, 83]
[88, 83, 84, 83]
[88, 83, 84, 83]
[88, 83, 84, 83]
(1, 7) [94, 88, 117, 115] [[0, 19, 49, 50], [19, 0, 54, 55], [49, 54, 0, 15], [50, 55, 15, 0]]
(1, 12) 69
(28, 1) 70
(28, 12) 69
[88, 69, 70, 69]
[88, 69, 70, 69]
[88, 69, 70, 69]
[88, 69, 70, 69]
(1, 1) [88, 80, 97, 107] [[0, 19, 49, 50], [19, 0, 54, 55], [49, 54, 0, 15], [50, 55, 15, 0]]
[88, 69, 70, 69]
[88, 69, 70, 69]
[88, 69, 70, 69]
[88, 69, 70, 69]
(1, 2) [89, 79, 98, 106] [[0, 19, 49, 50], [19, 0, 54, 55], [49, 54, 0, 15], [50, 55, 15, 0]]
[88, 69, 70, 69]
[88, 69, 70, 69]
[88, 69, 70, 69]
[88, 69, 70, 69]
(2, 1) [89, 81, 96, 106] [[0, 19, 49, 50], [19, 0, 54, 55], [49, 54, 0, 15], [50, 55, 15, 0]]
[88, 69, 70, 69]
[88, 69, 70, 69]
[88, 69, 70, 69]
[88, 69, 70, 69]
(1, 3) [90, 78, 99, 105] [[0, 19, 49, 50], [19, 0, 54, 55], [49, 54, 0, 15], [50, 55, 15, 0]]
[88, 69, 70, 69]
[88, 69, 70, 69]
[88, 69, 70, 69]
[88, 69, 70, 69]
(2, 2) [90, 80, 97, 105] [[0, 19, 49, 50], [19, 0, 54, 55], [49, 54, 0, 15], [50, 55, 15, 0]]
[88, 69, 70, 69]
[88, 69, 70, 69]
[88, 69, 70, 69]
[88, 69, 70, 69]
(1, 4) [91, 77, 100, 104] [[0, 19, 49, 50], [19, 0, 54, 55], [49, 54, 0, 15], [50, 55, 15, 0]]
[88, 69, 70, 69]
[88, 69, 70, 69]
[88, 69, 70, 69]
[88, 69, 70, 69]
(3, 1) [90, 82, 95, 105] [[0, 19, 49, 50], [19, 0, 54, 55], [49, 54, 0, 15], [50, 55, 15, 0]]
[88, 69, 70, 69]
[88, 69, 70, 69]
[88, 69, 70, 69]
[88, 69, 70, 69]
(3, 2) [91, 81, 96, 104] [[0, 19, 49, 50], [19, 0, 54, 55], [49, 54, 0, 15], [50, 55, 15, 0]]
[88, 69, 70, 69]
[88, 69, 70, 69]
[88, 69, 70, 69]
[88, 69, 70, 69]
(3, 3) [92, 80, 97, 103] [[0, 19, 49, 50], [19, 0, 54, 55], [49, 54, 0, 15], [50, 55, 15, 0]]
[88, 69, 70, 69]
[88, 69, 70, 69]
[88, 69, 70, 69]
[88, 69, 70, 69]
(3, 4) [93, 79, 98, 102] [[0, 19, 49, 50], [19, 0, 54, 55], [49, 54, 0, 15], [50, 55, 15, 0]]
[88, 69, 70, 69]
[88, 69, 70, 69]
[88, 69, 70, 69]
[88, 69, 70, 69]
(3, 5) [94, 78, 99, 101] [[0, 19, 49, 50], [19, 0, 54, 55], [49, 54, 0, 15], [50, 55, 15, 0]]
[88, 69, 70, 69]
[88, 69, 70, 69]
[88, 69, 70, 69]
[88, 69, 70, 69]
(4, 4) [94, 80, 97, 101] [[0, 19, 49, 50], [19, 0, 54, 55], [49, 54, 0, 15], [50, 55, 15, 0]]
[88, 69, 70, 69]
[88, 69, 70, 69]
[88, 69, 70, 69]
[88, 69, 70, 69]
(3, 6) [95, 77, 100, 100] [[0, 19, 49, 50], [19, 0, 54, 55], [49, 54, 0, 15], [50, 55, 15, 0]]
[88, 69, 70, 69]
[88, 69, 70, 69]
[88, 69, 70, 69]
[88, 69, 70, 69]
(4, 6) [96, 78, 99, 99] [[0, 19, 49, 50], [19, 0, 54, 55], [49, 54, 0, 15], [50, 55, 15, 0]]
[88, 69, 70, 69]
[88, 69, 70, 69]
[88, 69, 70, 69]
[88, 69, 70, 69]
(2, 6) [94, 76, 101, 101] [[0, 19, 49, 50], [19, 0, 54, 55], [49, 54, 0, 15], [50, 55, 15, 0]]
[88, 69, 70, 69]
[88, 69, 70, 69]
[88, 69, 70, 69]
[88, 69, 70, 69]
(1, 6) [93, 75, 102, 102] [[0, 19, 49, 50], [19, 0, 54, 55], [49, 54, 0, 15], [50, 55, 15, 0]]
[88, 69, 70, 69]
[88, 69, 70, 69]
[88, 69, 70, 69]
[88, 69, 70, 69]
(1, 7) [94, 74, 103, 101] [[0, 19, 49, 50], [19, 0, 54, 55], [49, 54, 0, 15], [50, 55, 15, 0]]
[88, 69, 70, 69]
[88, 69, 70, 69]
[88, 69, 70, 69]
[88, 69, 70, 69]
(1, 8) [95, 73, 104, 100] [[0, 19, 49, 50], [19, 0, 54, 55], [49, 54, 0, 15], [50, 55, 15, 0]]
[88, 69, 70, 69]
[88, 69, 70, 69]
[88, 69, 70, 69]
[88, 69, 70, 69]
(2, 8) [96, 74, 103, 99] [[0, 19, 49, 50], [19, 0, 54, 55], [49, 54, 0, 15], [50, 55, 15, 0]]
[88, 69, 70, 69]
[88, 69, 70, 69]
[88, 69, 70, 69]
[88, 69, 70, 69]
(5, 4) [95, 81, 96, 100] [[0, 19, 49, 50], [19, 0, 54, 55], [49, 54, 0, 15], [50, 55, 15, 0]]
[88, 69, 70, 69]
[88, 69, 70, 69]
[88, 69, 70, 69]
[88, 69, 70, 69]
(5, 6) [97, 79, 98, 98] [[0, 19, 49, 50], [19, 0, 54, 55], [49, 54, 0, 15], [50, 55, 15, 0]]
[88, 69, 70, 69]
[88, 69, 70, 69]
[88, 69, 70, 69]
[88, 69, 70, 69]
(3, 8) [97, 75, 102, 98] [[0, 19, 49, 50], [19, 0, 54, 55], [49, 54, 0, 15], [50, 55, 15, 0]]
[88, 83, 84, 83]
[88, 83, 84, 83]
[88, 83, 84, 83]
[88, 83, 84, 83]
(1, 3) [90, 92, 113, 119] [[0, 19, 49, 50], [19, 0, 54, 55], [49, 54, 0, 15], [50, 55, 15, 0]]
[88, 83, 84, 83]
[88, 83, 84, 83]
[88, 83, 84, 83]
[88, 83, 84, 83]
(5, 12) [103, 87, 118, 106] [[0, 19, 49, 50], [19, 0, 54, 55], [49, 54, 0, 15], [50, 55, 15, 0]]
[88, 83, 84, 83]
[88, 83, 84, 83]
[88, 83, 84, 83]
[88, 83, 84, 83]
(6, 11) [103, 89, 116, 106] [[0, 19, 49, 50], [19, 0, 54, 55], [49, 54, 0, 15], [50, 55, 15, 0]]
[88, 83, 84, 83]
[88, 83, 84, 83]
[88, 83, 84, 83]
[88, 83, 84, 83]
(4, 11) [101, 87, 118, 108] [[0, 19, 49, 50], [19, 0, 54, 55], [49, 54, 0, 15], [50, 55, 15, 0]]
[88, 83, 84, 83]
[88, 83, 84, 83]
[88, 83, 84, 83]
[88, 83, 84, 83]
(3, 10) [99, 87, 118, 110] [[0, 19, 49, 50], [19, 0, 54, 55], [49, 54, 0, 15], [50, 55, 15, 0]]
[88, 83, 84, 83]
[88, 83, 84, 83]
[88, 83, 84, 83]
[88, 83, 84, 83]
(1, 8) [95, 87, 118, 114] [[0, 19, 49, 50], [19, 0, 54, 55], [49, 54, 0, 15], [50, 55, 15, 0]]
[88, 69, 70, 69]
[88, 69, 70, 69]
[88, 69, 70, 69]
[88, 69, 70, 69]
(5, 5) [96, 80, 97, 99] [[0, 19, 49, 50], [19, 0, 54, 55], [49, 54, 0, 15], [50, 55, 15, 0]]
[88, 69, 70, 69]
[88, 69, 70, 69]
[88, 69, 70, 69]
[88, 69, 70, 69]
(6, 4) [96, 82, 95, 99] [[0, 19, 49, 50], [19, 0, 54, 55], [49, 54, 0, 15], [50, 55, 15, 0]]
[88, 69, 70, 69]
[88, 69, 70, 69]
[88, 69, 70, 69]
[88, 69, 70, 69]
(5, 7) [98, 78, 99, 97] [[0, 19, 49, 50], [19, 0, 54, 55], [49, 54, 0, 15], [50, 55, 15, 0]]
[88, 69, 70, 69]
[88, 69, 70, 69]
[88, 69, 70, 69]
[88, 69, 70, 69]
(6, 6) [98, 80, 97, 97] [[0, 19, 49, 50], [19, 0, 54, 55], [49, 54, 0, 15], [50, 55, 15, 0]]
[88, 83, 84, 83]
[88, 83, 84, 83]
[88, 83, 84, 83]
[88, 83, 84, 83]
(6, 12) [104, 88, 117, 105] [[0, 19, 49, 50], [19, 0, 54, 55], [49, 54, 0, 15], [50, 55, 15, 0]]
[88, 83, 84, 83]
[88, 83, 84, 83]
[88, 83, 84, 83]
[88, 83, 84, 83]
(4, 12) [102, 86, 119, 107] [[0, 19, 49, 50], [19, 0, 54, 55], [49, 54, 0, 15], [50, 55, 15, 0]]
[88, 83, 84, 83]
[88, 83, 84, 83]
[88, 83, 84, 83]
[88, 83, 84, 83]
(3, 11) [100, 86, 119, 109] [[0, 19, 49, 50], [19, 0, 54, 55], [49, 54, 0, 15], [50, 55, 15, 0]]
[88, 83, 84, 83]
[88, 83, 84, 83]
[88, 83, 84, 83]
[88, 83, 84, 83]
(2, 10) [98, 86, 119, 111] [[0, 19, 49, 50], [19, 0, 54, 55], [49, 54, 0, 15], [50, 55, 15, 0]]
[88, 83, 84, 83]
[88, 83, 84, 83]
[88, 83, 84, 83]
[88, 83, 84, 83]
(2, 8) [96, 88, 117, 113] [[0, 19, 49, 50], [19, 0, 54, 55], [49, 54, 0, 15], [50, 55, 15, 0]]
[88, 69, 70, 69]
[88, 69, 70, 69]
[88, 69, 70, 69]
[88, 69, 70, 69]
(5, 8) [99, 77, 100, 96] [[0, 19, 49, 50], [19, 0, 54, 55], [49, 54, 0, 15], [50, 55, 15, 0]]
[88, 83, 84, 83]
[88, 83, 84, 83]
[88, 83, 84, 83]
[88, 83, 84, 83]
(3, 12) [101, 85, 120, 108] [[0, 19, 49, 50], [19, 0, 54, 55], [49, 54, 0, 15], [50, 55, 15, 0]]
[88, 83, 84, 83]
[88, 83, 84, 83]
[88, 83, 84, 83]
[88, 83, 84, 83]
(2, 11) [99, 85, 120, 110] [[0, 19, 49, 50], [19, 0, 54, 55], [49, 54, 0, 15], [50, 55, 15, 0]]
[88, 83, 84, 83]
[88, 83, 84, 83]
[88, 83, 84, 83]
[88, 83, 84, 83]
(1, 10) [97, 85, 120, 112] [[0, 19, 49, 50], [19, 0, 54, 55], [49, 54, 0, 15], [50, 55, 15, 0]]
[88, 69, 70, 69]
[88, 69, 70, 69]
[88, 69, 70, 69]
[88, 69, 70, 69]
(5, 9) [100, 76, 101, 95] [[0, 19, 49, 50], [19, 0, 54, 55], [49, 54, 0, 15], [50, 55, 15, 0]]
[88, 83, 84, 83]
[88, 83, 84, 83]
[88, 83, 84, 83]
[88, 83, 84, 83]
(2, 12) [100, 84, 121, 109] [[0, 19, 49, 50], [19, 0, 54, 55], [49, 54, 0, 15], [50, 55, 15, 0]]
[88, 83, 84, 83]
[88, 83, 84, 83]
[88, 83, 84, 83]
[88, 83, 84, 83]
(1, 11) [98, 84, 121, 111] [[0, 19, 49, 50], [19, 0, 54, 55], [49, 54, 0, 15], [50, 55, 15, 0]]
[88, 69, 70, 69]
[88, 69, 70, 69]
[88, 69, 70, 69]
[88, 69, 70, 69]
(5, 10) [101, 75, 102, 94] [[0, 19, 49, 50], [19, 0, 54, 55], [49, 54, 0, 15], [50, 55, 15, 0]]
(1, 1) 64
(28, 1) 65
(28, 12) 64
[64, 83, 65, 64]
[64, 83, 65, 64]
[64, 83, 65, 64]
[64, 83, 65, 64]
(1, 12) [75, 83, 103, 91] [[0, 19, 49, 50], [19, 0, 54, 55], [49, 54, 0, 15], [50, 55, 15, 0]]
[64, 83, 65, 64]
[64, 83, 65, 64]
[64, 83, 65, 64]
[64, 83, 65, 64]
(1, 11) [74, 84, 102, 92] [[0, 19, 49, 50], [19, 0, 54, 55], [49, 54, 0, 15], [50, 55, 15, 0]]
[64, 83, 65, 64]
[64, 83, 65, 64]
[64, 83, 65, 64]
[64, 83, 65, 64]
(2, 12) [76, 84, 102, 90] [[0, 19, 49, 50], [19, 0, 54, 55], [49, 54, 0, 15], [50, 55, 15, 0]]
[64, 83, 65, 64]
[64, 83, 65, 64]
[64, 83, 65, 64]
[64, 83, 65, 64]
(1, 10) [73, 85, 101, 93] [[0, 19, 49, 50], [19, 0, 54, 55], [49, 54, 0, 15], [50, 55, 15, 0]]
[64, 83, 65, 64]
[64, 83, 65, 64]
[64, 83, 65, 64]
[64, 83, 65, 64]
(2, 11) [75, 85, 101, 91] [[0, 19, 49, 50], [19, 0, 54, 55], [49, 54, 0, 15], [50, 55, 15, 0]]
[64, 83, 65, 64]
[64, 83, 65, 64]
[64, 83, 65, 64]
[64, 83, 65, 64]
(2, 10) [74, 86, 100, 92] [[0, 19, 49, 50], [19, 0, 54, 55], [49, 54, 0, 15], [50, 55, 15, 0]]
[64, 83, 65, 64]
[64, 83, 65, 64]
[64, 83, 65, 64]
[64, 83, 65, 64]
(3, 12) [77, 85, 101, 89] [[0, 19, 49, 50], [19, 0, 54, 55], [49, 54, 0, 15], [50, 55, 15, 0]]
[64, 83, 65, 64]
[64, 83, 65, 64]
[64, 83, 65, 64]
[64, 83, 65, 64]
(3, 11) [76, 86, 100, 90] [[0, 19, 49, 50], [19, 0, 54, 55], [49, 54, 0, 15], [50, 55, 15, 0]]
[64, 83, 65, 64]
[64, 83, 65, 64]
[64, 83, 65, 64]
[64, 83, 65, 64]
(3, 10) [75, 87, 99, 91] [[0, 19, 49, 50], [19, 0, 54, 55], [49, 54, 0, 15], [50, 55, 15, 0]]
[64, 83, 65, 64]
[64, 83, 65, 64]
[64, 83, 65, 64]
[64, 83, 65, 64]
(4, 12) [78, 86, 100, 88] [[0, 19, 49, 50], [19, 0, 54, 55], [49, 54, 0, 15], [50, 55, 15, 0]]
[64, 83, 65, 64]
[64, 83, 65, 64]
[64, 83, 65, 64]
[64, 83, 65, 64]
(4, 11) [77, 87, 99, 89] [[0, 19, 49, 50], [19, 0, 54, 55], [49, 54, 0, 15], [50, 55, 15, 0]]
[64, 83, 65, 64]
[64, 83, 65, 64]
[64, 83, 65, 64]
[64, 83, 65, 64]
(4, 10) [76, 88, 98, 90] [[0, 19, 49, 50], [19, 0, 54, 55], [49, 54, 0, 15], [50, 55, 15, 0]]
[64, 83, 65, 64]
[64, 83, 65, 64]
[64, 83, 65, 64]
[64, 83, 65, 64]
(5, 12) [79, 87, 99, 87] [[0, 19, 49, 50], [19, 0, 54, 55], [49, 54, 0, 15], [50, 55, 15, 0]]
[64, 83, 65, 64]
[64, 83, 65, 64]
[64, 83, 65, 64]
[64, 83, 65, 64]
(5, 11) [78, 88, 98, 88] [[0, 19, 49, 50], [19, 0, 54, 55], [49, 54, 0, 15], [50, 55, 15, 0]]
[64, 83, 65, 64]
[64, 83, 65, 64]
[64, 83, 65, 64]
[64, 83, 65, 64]
(5, 10) [77, 89, 97, 89] [[0, 19, 49, 50], [19, 0, 54, 55], [49, 54, 0, 15], [50, 55, 15, 0]]
[88, 69, 70, 69]
[88, 69, 70, 69]
[88, 69, 70, 69]
[88, 69, 70, 69]
(5, 11) [102, 74, 103, 93] [[0, 19, 49, 50], [19, 0, 54, 55], [49, 54, 0, 15], [50, 55, 15, 0]]
[88, 69, 70, 69]
[88, 69, 70, 69]
[88, 69, 70, 69]
[88, 69, 70, 69]
(6, 10) [102, 76, 101, 93] [[0, 19, 49, 50], [19, 0, 54, 55], [49, 54, 0, 15], [50, 55, 15, 0]]
[88, 69, 70, 69]
[88, 69, 70, 69]
[88, 69, 70, 69]
[88, 69, 70, 69]
(4, 10) [100, 74, 103, 95] [[0, 19, 49, 50], [19, 0, 54, 55], [49, 54, 0, 15], [50, 55, 15, 0]]
[64, 83, 65, 64]
[64, 83, 65, 64]
[64, 83, 65, 64]
[64, 83, 65, 64]
(6, 12) [80, 88, 98, 86] [[0, 19, 49, 50], [19, 0, 54, 55], [49, 54, 0, 15], [50, 55, 15, 0]]
[64, 83, 65, 64]
[64, 83, 65, 64]
[64, 83, 65, 64]
[64, 83, 65, 64]
(6, 11) [79, 89, 97, 87] [[0, 19, 49, 50], [19, 0, 54, 55], [49, 54, 0, 15], [50, 55, 15, 0]]
[64, 83, 65, 64]
[64, 83, 65, 64]
[64, 83, 65, 64]
[64, 83, 65, 64]
(5, 9) [76, 90, 96, 90] [[0, 19, 49, 50], [19, 0, 54, 55], [49, 54, 0, 15], [50, 55, 15, 0]]
[64, 83, 65, 64]
[64, 83, 65, 64]
[64, 83, 65, 64]
[64, 83, 65, 64]
(6, 10) [78, 90, 96, 88] [[0, 19, 49, 50], [19, 0, 54, 55], [49, 54, 0, 15], [50, 55, 15, 0]]
[88, 69, 70, 69]
[88, 69, 70, 69]
[88, 69, 70, 69]
[88, 69, 70, 69]
(5, 12) [103, 73, 104, 92] [[0, 19, 49, 50], [19, 0, 54, 55], [49, 54, 0, 15], [50, 55, 15, 0]]
[88, 69, 70, 69]
[88, 69, 70, 69]
[88, 69, 70, 69]
[88, 69, 70, 69]
(6, 11) [103, 75, 102, 92] [[0, 19, 49, 50], [19, 0, 54, 55], [49, 54, 0, 15], [50, 55, 15, 0]]
[88, 69, 70, 69]
[88, 69, 70, 69]
[88, 69, 70, 69]
[88, 69, 70, 69]
(4, 11) [101, 73, 104, 94] [[0, 19, 49, 50], [19, 0, 54, 55], [49, 54, 0, 15], [50, 55, 15, 0]]
[88, 69, 70, 69]
[88, 69, 70, 69]
[88, 69, 70, 69]
[88, 69, 70, 69]
(3, 10) [99, 73, 104, 96] [[0, 19, 49, 50], [19, 0, 54, 55], [49, 54, 0, 15], [50, 55, 15, 0]]
[64, 83, 65, 64]
[64, 83, 65, 64]
[64, 83, 65, 64]
[64, 83, 65, 64]
(5, 8) [75, 91, 95, 91] [[0, 19, 49, 50], [19, 0, 54, 55], [49, 54, 0, 15], [50, 55, 15, 0]]
[88, 69, 70, 69]
[88, 69, 70, 69]
[88, 69, 70, 69]
[88, 69, 70, 69]
(6, 12) [104, 74, 103, 91] [[0, 19, 49, 50], [19, 0, 54, 55], [49, 54, 0, 15], [50, 55, 15, 0]]
[88, 69, 70, 69]
[88, 69, 70, 69]
[88, 69, 70, 69]
[88, 69, 70, 69]
(4, 12) [102, 72, 105, 93] [[0, 19, 49, 50], [19, 0, 54, 55], [49, 54, 0, 15], [50, 55, 15, 0]]
[88, 69, 70, 69]
[88, 69, 70, 69]
[88, 69, 70, 69]
[88, 69, 70, 69]
(3, 11) [100, 72, 105, 95] [[0, 19, 49, 50], [19, 0, 54, 55], [49, 54, 0, 15], [50, 55, 15, 0]]
[88, 69, 70, 69]
[88, 69, 70, 69]
[88, 69, 70, 69]
[88, 69, 70, 69]
(2, 10) [98, 72, 105, 97] [[0, 19, 49, 50], [19, 0, 54, 55], [49, 54, 0, 15], [50, 55, 15, 0]]
[64, 83, 65, 64]
[64, 83, 65, 64]
[64, 83, 65, 64]
[64, 83, 65, 64]
(5, 7) [74, 92, 94, 92] [[0, 19, 49, 50], [19, 0, 54, 55], [49, 54, 0, 15], [50, 55, 15, 0]]
[88, 69, 70, 69]
[88, 69, 70, 69]
[88, 69, 70, 69]
[88, 69, 70, 69]
(3, 12) [101, 71, 106, 94] [[0, 19, 49, 50], [19, 0, 54, 55], [49, 54, 0, 15], [50, 55, 15, 0]]
[88, 69, 70, 69]
[88, 69, 70, 69]
[88, 69, 70, 69]
[88, 69, 70, 69]
(2, 11) [99, 71, 106, 96] [[0, 19, 49, 50], [19, 0, 54, 55], [49, 54, 0, 15], [50, 55, 15, 0]]
[88, 69, 70, 69]
[88, 69, 70, 69]
[88, 69, 70, 69]
[88, 69, 70, 69]
(1, 10) [97, 71, 106, 98] [[0, 19, 49, 50], [19, 0, 54, 55], [49, 54, 0, 15], [50, 55, 15, 0]]
[64, 83, 65, 64]
[64, 83, 65, 64]
[64, 83, 65, 64]
[64, 83, 65, 64]
(5, 6) [73, 93, 93, 93] [[0, 19, 49, 50], [19, 0, 54, 55], [49, 54, 0, 15], [50, 55, 15, 0]]
[88, 69, 70, 69]
[88, 69, 70, 69]
[88, 69, 70, 69]
[88, 69, 70, 69]
(2, 12) [100, 70, 107, 95] [[0, 19, 49, 50], [19, 0, 54, 55], [49, 54, 0, 15], [50, 55, 15, 0]]
[88, 69, 70, 69]
[88, 69, 70, 69]
[88, 69, 70, 69]
[88, 69, 70, 69]
(1, 11) [98, 70, 107, 97] [[0, 19, 49, 50], [19, 0, 54, 55], [49, 54, 0, 15], [50, 55, 15, 0]]
[64, 83, 65, 64]
[64, 83, 65, 64]
[64, 83, 65, 64]
[64, 83, 65, 64]
(5, 5) [72, 94, 92, 94] [[0, 19, 49, 50], [19, 0, 54, 55], [49, 54, 0, 15], [50, 55, 15, 0]]
[64, 83, 65, 64]
[64, 83, 65, 64]
[64, 83, 65, 64]
[64, 83, 65, 64]
(6, 6) [74, 94, 92, 92] [[0, 19, 49, 50], [19, 0, 54, 55], [49, 54, 0, 15], [50, 55, 15, 0]]
[64, 83, 65, 64]
[64, 83, 65, 64]
[64, 83, 65, 64]
[64, 83, 65, 64]
(4, 6) [72, 92, 94, 94] [[0, 19, 49, 50], [19, 0, 54, 55], [49, 54, 0, 15], [50, 55, 15, 0]]
(28, 1) 15
(28, 12) 15
[64, 69, 15, 15]
[64, 69, 15, 15]
[64, 69, 15, 15]
[64, 69, 15, 15]
(1, 12) [75, 69, 53, 42] [[0, 19, 49, 50], [19, 0, 54, 55], [49, 54, 0, 15], [50, 55, 15, 0]]
[64, 69, 15, 15]
[64, 69, 15, 15]
[64, 69, 15, 15]
[64, 69, 15, 15]
(1, 11) [74, 70, 52, 43] [[0, 19, 49, 50], [19, 0, 54, 55], [49, 54, 0, 15], [50, 55, 15, 0]]
[64, 69, 15, 15]
[64, 69, 15, 15]
[64, 69, 15, 15]
[64, 69, 15, 15]
(2, 12) [76, 70, 52, 41] [[0, 19, 49, 50], [19, 0, 54, 55], [49, 54, 0, 15], [50, 55, 15, 0]]
[64, 69, 15, 15]
[64, 69, 15, 15]
[64, 69, 15, 15]
[64, 69, 15, 15]
(2, 11) [75, 71, 51, 42] [[0, 19, 49, 50], [19, 0, 54, 55], [49, 54, 0, 15], [50, 55, 15, 0]]
[64, 69, 15, 15]
[64, 69, 15, 15]
[64, 69, 15, 15]
[64, 69, 15, 15]
(3, 12) [77, 71, 51, 40] [[0, 19, 49, 50], [19, 0, 54, 55], [49, 54, 0, 15], [50, 55, 15, 0]]
[64, 69, 15, 15]
[64, 69, 15, 15]
[64, 69, 15, 15]
[64, 69, 15, 15]
(3, 11) [76, 72, 50, 41] [[0, 19, 49, 50], [19, 0, 54, 55], [49, 54, 0, 15], [50, 55, 15, 0]]
[64, 69, 15, 15]
[64, 69, 15, 15]
[64, 69, 15, 15]
[64, 69, 15, 15]
(4, 12) [78, 72, 50, 39] [[0, 19, 49, 50], [19, 0, 54, 55], [49, 54, 0, 15], [50, 55, 15, 0]]
[64, 69, 15, 15]
[64, 69, 15, 15]
[64, 69, 15, 15]
[64, 69, 15, 15]
(4, 11) [77, 73, 49, 40] [[0, 19, 49, 50], [19, 0, 54, 55], [49, 54, 0, 15], [50, 55, 15, 0]]
[64, 69, 15, 15]
[64, 69, 15, 15]
[64, 69, 15, 15]
[64, 69, 15, 15]
(5, 12) [79, 73, 49, 38] [[0, 19, 49, 50], [19, 0, 54, 55], [49, 54, 0, 15], [50, 55, 15, 0]]
[64, 69, 15, 15]
[64, 69, 15, 15]
[64, 69, 15, 15]
[64, 69, 15, 15]
(5, 11) [78, 74, 48, 39] [[0, 19, 49, 50], [19, 0, 54, 55], [49, 54, 0, 15], [50, 55, 15, 0]]
[64, 69, 15, 15]
[64, 69, 15, 15]
[64, 69, 15, 15]
[64, 69, 15, 15]
(6, 12) [80, 74, 48, 37] [[0, 19, 49, 50], [19, 0, 54, 55], [49, 54, 0, 15], [50, 55, 15, 0]]
[64, 69, 15, 15]
[64, 69, 15, 15]
[64, 69, 15, 15]
[64, 69, 15, 15]
(6, 11) [79, 75, 47, 38] [[0, 19, 49, 50], [19, 0, 54, 55], [49, 54, 0, 15], [50, 55, 15, 0]]
[64, 69, 15, 15]
[64, 69, 15, 15]
[64, 69, 15, 15]
[64, 69, 15, 15]
(7, 12) [81, 75, 47, 36] [[0, 19, 49, 50], [19, 0, 54, 55], [49, 54, 0, 15], [50, 55, 15, 0]]
[64, 69, 15, 15]
[64, 69, 15, 15]
[64, 69, 15, 15]
[64, 69, 15, 15]
(7, 11) [80, 76, 46, 37] [[0, 19, 49, 50], [19, 0, 54, 55], [49, 54, 0, 15], [50, 55, 15, 0]]
[64, 69, 15, 15]
[64, 69, 15, 15]
[64, 69, 15, 15]
[64, 69, 15, 15]
(1, 10) [73, 71, 51, 44] [[0, 19, 49, 50], [19, 0, 54, 55], [49, 54, 0, 15], [50, 55, 15, 0]]
[64, 69, 15, 15]
[64, 69, 15, 15]
[64, 69, 15, 15]
[64, 69, 15, 15]
(2, 10) [74, 72, 50, 43] [[0, 19, 49, 50], [19, 0, 54, 55], [49, 54, 0, 15], [50, 55, 15, 0]]
[64, 69, 15, 15]
[64, 69, 15, 15]
[64, 69, 15, 15]
[64, 69, 15, 15]
(3, 10) [75, 73, 49, 42] [[0, 19, 49, 50], [19, 0, 54, 55], [49, 54, 0, 15], [50, 55, 15, 0]]
[64, 69, 15, 15]
[64, 69, 15, 15]
[64, 69, 15, 15]
[64, 69, 15, 15]
(4, 10) [76, 74, 48, 41] [[0, 19, 49, 50], [19, 0, 54, 55], [49, 54, 0, 15], [50, 55, 15, 0]]
[64, 69, 15, 15]
[64, 69, 15, 15]
[64, 69, 15, 15]
[64, 69, 15, 15]
(5, 10) [77, 75, 47, 40] [[0, 19, 49, 50], [19, 0, 54, 55], [49, 54, 0, 15], [50, 55, 15, 0]]
[64, 69, 15, 15]
[64, 69, 15, 15]
[64, 69, 15, 15]
[64, 69, 15, 15]
(6, 10) [78, 76, 46, 39] [[0, 19, 49, 50], [19, 0, 54, 55], [49, 54, 0, 15], [50, 55, 15, 0]]
[64, 69, 15, 15]
[64, 69, 15, 15]
[64, 69, 15, 15]
[64, 69, 15, 15]
(7, 10) [79, 77, 45, 38] [[0, 19, 49, 50], [19, 0, 54, 55], [49, 54, 0, 15], [50, 55, 15, 0]]
[64, 69, 15, 15]
[64, 69, 15, 15]
[64, 69, 15, 15]
[64, 69, 15, 15]
(5, 9) [76, 76, 46, 41] [[0, 19, 49, 50], [19, 0, 54, 55], [49, 54, 0, 15], [50, 55, 15, 0]]
[64, 69, 15, 15]
[64, 69, 15, 15]
[64, 69, 15, 15]
[64, 69, 15, 15]
(5, 8) [75, 77, 45, 42] [[0, 19, 49, 50], [19, 0, 54, 55], [49, 54, 0, 15], [50, 55, 15, 0]]
[64, 69, 15, 15]
[64, 69, 15, 15]
[64, 69, 15, 15]
[64, 69, 15, 15]
(5, 7) [74, 78, 44, 43] [[0, 19, 49, 50], [19, 0, 54, 55], [49, 54, 0, 15], [50, 55, 15, 0]]
[64, 69, 15, 15]
[64, 69, 15, 15]
[64, 69, 15, 15]
[64, 69, 15, 15]
(5, 6) [73, 79, 43, 44] [[0, 19, 49, 50], [19, 0, 54, 55], [49, 54, 0, 15], [50, 55, 15, 0]]
[64, 69, 15, 15]
[64, 69, 15, 15]
[64, 69, 15, 15]
[64, 69, 15, 15]
(5, 5) [72, 80, 42, 45] [[0, 19, 49, 50], [19, 0, 54, 55], [49, 54, 0, 15], [50, 55, 15, 0]]
[64, 69, 15, 15]
[64, 69, 15, 15]
[64, 69, 15, 15]
[64, 69, 15, 15]
(6, 6) [74, 80, 42, 43] [[0, 19, 49, 50], [19, 0, 54, 55], [49, 54, 0, 15], [50, 55, 15, 0]]
[64, 69, 15, 15]
[64, 69, 15, 15]
[64, 69, 15, 15]
[64, 69, 15, 15]
(4, 6) [72, 78, 44, 45] [[0, 19, 49, 50], [19, 0, 54, 55], [49, 54, 0, 15], [50, 55, 15, 0]]
[64, 69, 15, 15]
[64, 69, 15, 15]
[64, 69, 15, 15]
[64, 69, 15, 15]
(5, 4) [71, 81, 41, 46] [[0, 19, 49, 50], [19, 0, 54, 55], [49, 54, 0, 15], [50, 55, 15, 0]]
[64, 69, 15, 15]
[64, 69, 15, 15]
[64, 69, 15, 15]
[64, 69, 15, 15]
(7, 6) [75, 81, 41, 42] [[0, 19, 49, 50], [19, 0, 54, 55], [49, 54, 0, 15], [50, 55, 15, 0]]
[64, 69, 15, 15]
[64, 69, 15, 15]
[64, 69, 15, 15]
[64, 69, 15, 15]
(6, 4) [72, 82, 40, 45] [[0, 19, 49, 50], [19, 0, 54, 55], [49, 54, 0, 15], [50, 55, 15, 0]]
[64, 69, 15, 15]
[64, 69, 15, 15]
[64, 69, 15, 15]
[64, 69, 15, 15]
(4, 4) [70, 80, 42, 47] [[0, 19, 49, 50], [19, 0, 54, 55], [49, 54, 0, 15], [50, 55, 15, 0]]
[64, 69, 15, 15]
[64, 69, 15, 15]
[64, 69, 15, 15]
[64, 69, 15, 15]
(7, 7) [76, 80, 42, 41] [[0, 19, 49, 50], [19, 0, 54, 55], [49, 54, 0, 15], [50, 55, 15, 0]]
[64, 69, 15, 15]
[64, 69, 15, 15]
[64, 69, 15, 15]
[64, 69, 15, 15]
(7, 4) [73, 83, 39, 44] [[0, 19, 49, 50], [19, 0, 54, 55], [49, 54, 0, 15], [50, 55, 15, 0]]
[64, 69, 15, 15]
[64, 69, 15, 15]
[64, 69, 15, 15]
[64, 69, 15, 15]
(8, 4) [74, 84, 38, 43] [[0, 19, 49, 50], [19, 0, 54, 55], [49, 54, 0, 15], [50, 55, 15, 0]]
[64, 69, 15, 15]
[64, 69, 15, 15]
[64, 69, 15, 15]
[64, 69, 15, 15]
(9, 4) [75, 85, 37, 42] [[0, 19, 49, 50], [19, 0, 54, 55], [49, 54, 0, 15], [50, 55, 15, 0]]
[64, 69, 15, 15]
[64, 69, 15, 15]
[64, 69, 15, 15]
[64, 69, 15, 15]
(9, 3) [74, 86, 36, 43] [[0, 19, 49, 50], [19, 0, 54, 55], [49, 54, 0, 15], [50, 55, 15, 0]]
[64, 69, 15, 15]
[64, 69, 15, 15]
[64, 69, 15, 15]
[64, 69, 15, 15]
(10, 4) [76, 86, 36, 41] [[0, 19, 49, 50], [19, 0, 54, 55], [49, 54, 0, 15], [50, 55, 15, 0]]
[64, 69, 15, 15]
[64, 69, 15, 15]
[64, 69, 15, 15]
[64, 69, 15, 15]
(9, 2) [73, 87, 35, 44] [[0, 19, 49, 50], [19, 0, 54, 55], [49, 54, 0, 15], [50, 55, 15, 0]]
[64, 69, 15, 15]
[64, 69, 15, 15]
[64, 69, 15, 15]
[64, 69, 15, 15]
(11, 4) [77, 87, 35, 40] [[0, 19, 49, 50], [19, 0, 54, 55], [49, 54, 0, 15], [50, 55, 15, 0]]
[64, 69, 15, 15]
[64, 69, 15, 15]
[64, 69, 15, 15]
[64, 69, 15, 15]
(8, 2) [72, 86, 36, 45] [[0, 19, 49, 50], [19, 0, 54, 55], [49, 54, 0, 15], [50, 55, 15, 0]]
[64, 69, 15, 15]
[64, 69, 15, 15]
[64, 69, 15, 15]
[64, 69, 15, 15]
(11, 3) [76, 88, 34, 41] [[0, 19, 49, 50], [19, 0, 54, 55], [49, 54, 0, 15], [50, 55, 15, 0]]
[64, 69, 15, 15]
[64, 69, 15, 15]
[64, 69, 15, 15]
[64, 69, 15, 15]
(12, 4) [78, 88, 34, 39] [[0, 19, 49, 50], [19, 0, 54, 55], [49, 54, 0, 15], [50, 55, 15, 0]]
[64, 69, 15, 15]
[64, 69, 15, 15]
[64, 69, 15, 15]
[64, 69, 15, 15]
(11, 2) [75, 89, 33, 42] [[0, 19, 49, 50], [19, 0, 54, 55], [49, 54, 0, 15], [50, 55, 15, 0]]
[64, 69, 15, 15]
[64, 69, 15, 15]
[64, 69, 15, 15]
[64, 69, 15, 15]
(13, 4) [79, 89, 33, 38] [[0, 19, 49, 50], [19, 0, 54, 55], [49, 54, 0, 15], [50, 55, 15, 0]]
[64, 69, 15, 15]
[64, 69, 15, 15]
[64, 69, 15, 15]
[64, 69, 15, 15]
(11, 1) [74, 90, 32, 43] [[0, 19, 49, 50], [19, 0, 54, 55], [49, 54, 0, 15], [50, 55, 15, 0]]
[64, 69, 15, 15]
[64, 69, 15, 15]
[64, 69, 15, 15]
[64, 69, 15, 15]
(12, 2) [76, 90, 32, 41] [[0, 19, 49, 50], [19, 0, 54, 55], [49, 54, 0, 15], [50, 55, 15, 0]]
[64, 69, 15, 15]
[64, 69, 15, 15]
[64, 69, 15, 15]
[64, 69, 15, 15]
(13, 5) [80, 88, 34, 37] [[0, 19, 49, 50], [19, 0, 54, 55], [49, 54, 0, 15], [50, 55, 15, 0]]
[64, 69, 15, 15]
[64, 69, 15, 15]
[64, 69, 15, 15]
[64, 69, 15, 15]
(12, 1) [75, 91, 31, 42] [[0, 19, 49, 50], [19, 0, 54, 55], [49, 54, 0, 15], [50, 55, 15, 0]]
[64, 69, 15, 15]
[64, 69, 15, 15]
[64, 69, 15, 15]
[64, 69, 15, 15]
(13, 2) [77, 91, 31, 40] [[0, 19, 49, 50], [19, 0, 54, 55], [49, 54, 0, 15], [50, 55, 15, 0]]
[64, 69, 15, 15]
[64, 69, 15, 15]
[64, 69, 15, 15]
[64, 69, 15, 15]
(13, 1) [76, 92, 30, 41] [[0, 19, 49, 50], [19, 0, 54, 55], [49, 54, 0, 15], [50, 55, 15, 0]]
[64, 69, 15, 15]
[64, 69, 15, 15]
[64, 69, 15, 15]
[64, 69, 15, 15]
(14, 2) [78, 92, 30, 39] [[0, 19, 49, 50], [19, 0, 54, 55], [49, 54, 0, 15], [50, 55, 15, 0]]
[64, 69, 15, 15]
[64, 69, 15, 15]
[64, 69, 15, 15]
[64, 69, 15, 15]
(14, 1) [77, 93, 29, 40] [[0, 19, 49, 50], [19, 0, 54, 55], [49, 54, 0, 15], [50, 55, 15, 0]]
[64, 69, 15, 15]
[64, 69, 15, 15]
[64, 69, 15, 15]
[64, 69, 15, 15]
(15, 2) [79, 93, 29, 38] [[0, 19, 49, 50], [19, 0, 54, 55], [49, 54, 0, 15], [50, 55, 15, 0]]
[64, 69, 15, 15]
[64, 69, 15, 15]
[64, 69, 15, 15]
[64, 69, 15, 15]
(15, 1) [78, 94, 28, 39] [[0, 19, 49, 50], [19, 0, 54, 55], [49, 54, 0, 15], [50, 55, 15, 0]]
[64, 69, 15, 15]
[64, 69, 15, 15]
[64, 69, 15, 15]
[64, 69, 15, 15]
(16, 2) [80, 94, 28, 37] [[0, 19, 49, 50], [19, 0, 54, 55], [49, 54, 0, 15], [50, 55, 15, 0]]
[64, 69, 15, 15]
[64, 69, 15, 15]
[64, 69, 15, 15]
[64, 69, 15, 15]
(16, 1) [79, 95, 27, 38] [[0, 19, 49, 50], [19, 0, 54, 55], [49, 54, 0, 15], [50, 55, 15, 0]]
[64, 69, 15, 15]
[64, 69, 15, 15]
[64, 69, 15, 15]
[64, 69, 15, 15]
(16, 3) [81, 93, 29, 36] [[0, 19, 49, 50], [19, 0, 54, 55], [49, 54, 0, 15], [50, 55, 15, 0]]
[64, 69, 15, 15]
[64, 69, 15, 15]
[64, 69, 15, 15]
[64, 69, 15, 15]
(7, 8) [77, 79, 43, 40] [[0, 19, 49, 50], [19, 0, 54, 55], [49, 54, 0, 15], [50, 55, 15, 0]]
[64, 69, 15, 15]
[64, 69, 15, 15]
[64, 69, 15, 15]
[64, 69, 15, 15]
(3, 6) [71, 77, 45, 46] [[0, 19, 49, 50], [19, 0, 54, 55], [49, 54, 0, 15], [50, 55, 15, 0]]
[64, 69, 15, 15]
[64, 69, 15, 15]
[64, 69, 15, 15]
[64, 69, 15, 15]
(3, 4) [69, 79, 43, 48] [[0, 19, 49, 50], [19, 0, 54, 55], [49, 54, 0, 15], [50, 55, 15, 0]]
[64, 69, 15, 15]
[64, 69, 15, 15]
[64, 69, 15, 15]
[64, 69, 15, 15]
(7, 2) [71, 85, 37, 46] [[0, 19, 49, 50], [19, 0, 54, 55], [49, 54, 0, 15], [50, 55, 15, 0]]
[64, 69, 15, 15]
[64, 69, 15, 15]
[64, 69, 15, 15]
[64, 69, 15, 15]
(13, 6) [81, 87, 35, 36] [[0, 19, 49, 50], [19, 0, 54, 55], [49, 54, 0, 15], [50, 55, 15, 0]]
[64, 69, 15, 15]
[64, 69, 15, 15]
[64, 69, 15, 15]
[64, 69, 15, 15]
(16, 4) [82, 92, 30, 35] [[0, 19, 49, 50], [19, 0, 54, 55], [49, 54, 0, 15], [50, 55, 15, 0]]
[64, 69, 15, 15]
[64, 69, 15, 15]
[64, 69, 15, 15]
[64, 69, 15, 15]
(3, 5) [70, 78, 44, 47] [[0, 19, 49, 50], [19, 0, 54, 55], [49, 54, 0, 15], [50, 55, 15, 0]]
[64, 69, 15, 15]
[64, 69, 15, 15]
[64, 69, 15, 15]
[64, 69, 15, 15]
(2, 6) [70, 76, 46, 47] [[0, 19, 49, 50], [19, 0, 54, 55], [49, 54, 0, 15], [50, 55, 15, 0]]
[64, 69, 15, 15]
[64, 69, 15, 15]
[64, 69, 15, 15]
[64, 69, 15, 15]
(3, 3) [68, 80, 42, 49] [[0, 19, 49, 50], [19, 0, 54, 55], [49, 54, 0, 15], [50, 55, 15, 0]]
[64, 69, 15, 15]
[64, 69, 15, 15]
[64, 69, 15, 15]
[64, 69, 15, 15]
(6, 2) [70, 84, 38, 47] [[0, 19, 49, 50], [19, 0, 54, 55], [49, 54, 0, 15], [50, 55, 15, 0]]
[64, 69, 15, 15]
[64, 69, 15, 15]
[64, 69, 15, 15]
[64, 69, 15, 15]
(12, 6) [80, 86, 36, 37] [[0, 19, 49, 50], [19, 0, 54, 55], [49, 54, 0, 15], [50, 55, 15, 0]]
[64, 69, 15, 15]
[64, 69, 15, 15]
[64, 69, 15, 15]
[64, 69, 15, 15]
(17, 4) [83, 93, 29, 34] [[0, 19, 49, 50], [19, 0, 54, 55], [49, 54, 0, 15], [50, 55, 15, 0]]
[64, 69, 15, 15]
[64, 69, 15, 15]
[64, 69, 15, 15]
[64, 69, 15, 15]
(3, 2) [67, 81, 41, 50] [[0, 19, 49, 50], [19, 0, 54, 55], [49, 54, 0, 15], [50, 55, 15, 0]]
[64, 69, 15, 15]
[64, 69, 15, 15]
[64, 69, 15, 15]
[64, 69, 15, 15]
(18, 4) [84, 94, 28, 33] [[0, 19, 49, 50], [19, 0, 54, 55], [49, 54, 0, 15], [50, 55, 15, 0]]
[64, 69, 15, 15]
[64, 69, 15, 15]
[64, 69, 15, 15]
[64, 69, 15, 15]
(3, 1) [66, 82, 40, 51] [[0, 19, 49, 50], [19, 0, 54, 55], [49, 54, 0, 15], [50, 55, 15, 0]]
[64, 69, 15, 15]
[64, 69, 15, 15]
[64, 69, 15, 15]
[64, 69, 15, 15]
(2, 2) [66, 80, 42, 51] [[0, 19, 49, 50], [19, 0, 54, 55], [49, 54, 0, 15], [50, 55, 15, 0]]
[64, 69, 15, 15]
[64, 69, 15, 15]
[64, 69, 15, 15]
[64, 69, 15, 15]
(18, 5) [85, 93, 29, 32] [[0, 19, 49, 50], [19, 0, 54, 55], [49, 54, 0, 15], [50, 55, 15, 0]]
[64, 69, 15, 15]
[64, 69, 15, 15]
[64, 69, 15, 15]
[64, 69, 15, 15]
(18, 3) [83, 95, 27, 34] [[0, 19, 49, 50], [19, 0, 54, 55], [49, 54, 0, 15], [50, 55, 15, 0]]
[64, 69, 15, 15]
[64, 69, 15, 15]
[64, 69, 15, 15]
[64, 69, 15, 15]
(19, 4) [85, 95, 27, 32] [[0, 19, 49, 50], [19, 0, 54, 55], [49, 54, 0, 15], [50, 55, 15, 0]]
[64, 69, 15, 15]
[64, 69, 15, 15]
[64, 69, 15, 15]
[64, 69, 15, 15]
(2, 1) [65, 81, 41, 52] [[0, 19, 49, 50], [19, 0, 54, 55], [49, 54, 0, 15], [50, 55, 15, 0]]
[64, 69, 15, 15]
[64, 69, 15, 15]
[64, 69, 15, 15]
[64, 69, 15, 15]
(18, 2) [82, 96, 26, 35] [[0, 19, 49, 50], [19, 0, 54, 55], [49, 54, 0, 15], [50, 55, 15, 0]]
[64, 69, 15, 15]
[64, 69, 15, 15]
[64, 69, 15, 15]
[64, 69, 15, 15]
(20, 4) [86, 96, 26, 31] [[0, 19, 49, 50], [19, 0, 54, 55], [49, 54, 0, 15], [50, 55, 15, 0]]
[64, 69, 15, 15]
[64, 69, 15, 15]
[64, 69, 15, 15]
[64, 69, 15, 15]
(18, 1) [81, 97, 25, 36] [[0, 19, 49, 50], [19, 0, 54, 55], [49, 54, 0, 15], [50, 55, 15, 0]]
[64, 69, 15, 15]
[64, 69, 15, 15]
[64, 69, 15, 15]
[64, 69, 15, 15]
(1, 6) [69, 75, 47, 48] [[0, 19, 49, 50], [19, 0, 54, 55], [49, 54, 0, 15], [50, 55, 15, 0]]
[64, 69, 15, 15]
[64, 69, 15, 15]
[64, 69, 15, 15]
[64, 69, 15, 15]
(5, 2) [69, 83, 39, 48] [[0, 19, 49, 50], [19, 0, 54, 55], [49, 54, 0, 15], [50, 55, 15, 0]]
[64, 69, 15, 15]
[64, 69, 15, 15]
[64, 69, 15, 15]
[64, 69, 15, 15]
(11, 6) [79, 85, 37, 38] [[0, 19, 49, 50], [19, 0, 54, 55], [49, 54, 0, 15], [50, 55, 15, 0]]
[64, 69, 15, 15]
[64, 69, 15, 15]
[64, 69, 15, 15]
[64, 69, 15, 15]
(1, 2) [65, 79, 43, 52] [[0, 19, 49, 50], [19, 0, 54, 55], [49, 54, 0, 15], [50, 55, 15, 0]]
[64, 69, 15, 15]
[64, 69, 15, 15]
[64, 69, 15, 15]
[64, 69, 15, 15]
(18, 6) [86, 92, 30, 31] [[0, 19, 49, 50], [19, 0, 54, 55], [49, 54, 0, 15], [50, 55, 15, 0]]
[64, 69, 15, 15]
[64, 69, 15, 15]
[64, 69, 15, 15]
[64, 69, 15, 15]
(1, 1) [64, 80, 42, 53] [[0, 19, 49, 50], [19, 0, 54, 55], [49, 54, 0, 15], [50, 55, 15, 0]]
[64, 69, 15, 15]
[64, 69, 15, 15]
[64, 69, 15, 15]
[64, 69, 15, 15]
(1, 7) [70, 74, 48, 47] [[0, 19, 49, 50], [19, 0, 54, 55], [49, 54, 0, 15], [50, 55, 15, 0]]
[64, 69, 15, 15]
[64, 69, 15, 15]
[64, 69, 15, 15]
[64, 69, 15, 15]
(5, 1) [68, 84, 38, 49] [[0, 19, 49, 50], [19, 0, 54, 55], [49, 54, 0, 15], [50, 55, 15, 0]]
[64, 69, 15, 15]
[64, 69, 15, 15]
[64, 69, 15, 15]
[64, 69, 15, 15]
(11, 7) [80, 84, 38, 37] [[0, 19, 49, 50], [19, 0, 54, 55], [49, 54, 0, 15], [50, 55, 15, 0]]
[64, 69, 15, 15]
[64, 69, 15, 15]
[64, 69, 15, 15]
[64, 69, 15, 15]
(10, 6) [78, 84, 38, 39] [[0, 19, 49, 50], [19, 0, 54, 55], [49, 54, 0, 15], [50, 55, 15, 0]]
[64, 69, 15, 15]
[64, 69, 15, 15]
[64, 69, 15, 15]
[64, 69, 15, 15]
(1, 3) [66, 78, 44, 51] [[0, 19, 49, 50], [19, 0, 54, 55], [49, 54, 0, 15], [50, 55, 15, 0]]
[64, 69, 15, 15]
[64, 69, 15, 15]
[64, 69, 15, 15]
[64, 69, 15, 15]
(19, 6) [87, 93, 29, 30] [[0, 19, 49, 50], [19, 0, 54, 55], [49, 54, 0, 15], [50, 55, 15, 0]]
[64, 69, 15, 15]
[64, 69, 15, 15]
[64, 69, 15, 15]
[64, 69, 15, 15]
(17, 6) [85, 91, 31, 32] [[0, 19, 49, 50], [19, 0, 54, 55], [49, 54, 0, 15], [50, 55, 15, 0]]
[64, 69, 15, 15]
[64, 69, 15, 15]
[64, 69, 15, 15]
[64, 69, 15, 15]
(20, 6) [88, 94, 28, 29] [[0, 19, 49, 50], [19, 0, 54, 55], [49, 54, 0, 15], [50, 55, 15, 0]]
[64, 69, 15, 15]
[64, 69, 15, 15]
[64, 69, 15, 15]
[64, 69, 15, 15]
(20, 7) [89, 93, 29, 28] [[0, 19, 49, 50], [19, 0, 54, 55], [49, 54, 0, 15], [50, 55, 15, 0]]
[64, 69, 15, 15]
[64, 69, 15, 15]
[64, 69, 15, 15]
[64, 69, 15, 15]
(1, 8) [71, 73, 49, 46] [[0, 19, 49, 50], [19, 0, 54, 55], [49, 54, 0, 15], [50, 55, 15, 0]]
[64, 69, 15, 15]
[64, 69, 15, 15]
[64, 69, 15, 15]
[64, 69, 15, 15]
(11, 8) [81, 83, 39, 36] [[0, 19, 49, 50], [19, 0, 54, 55], [49, 54, 0, 15], [50, 55, 15, 0]]
[64, 69, 15, 15]
[64, 69, 15, 15]
[64, 69, 15, 15]
[64, 69, 15, 15]
(20, 8) [90, 92, 30, 27] [[0, 19, 49, 50], [19, 0, 54, 55], [49, 54, 0, 15], [50, 55, 15, 0]]
[64, 69, 15, 15]
[64, 69, 15, 15]
[64, 69, 15, 15]
[64, 69, 15, 15]
(2, 8) [72, 74, 48, 45] [[0, 19, 49, 50], [19, 0, 54, 55], [49, 54, 0, 15], [50, 55, 15, 0]]
[64, 69, 15, 15]
[64, 69, 15, 15]
[64, 69, 15, 15]
[64, 69, 15, 15]
(11, 9) [82, 82, 40, 35] [[0, 19, 49, 50], [19, 0, 54, 55], [49, 54, 0, 15], [50, 55, 15, 0]]
[64, 69, 15, 15]
[64, 69, 15, 15]
[64, 69, 15, 15]
[64, 69, 15, 15]
(12, 8) [82, 84, 38, 35] [[0, 19, 49, 50], [19, 0, 54, 55], [49, 54, 0, 15], [50, 55, 15, 0]]
[64, 69, 15, 15]
[64, 69, 15, 15]
[64, 69, 15, 15]
[64, 69, 15, 15]
(21, 8) [91, 93, 29, 26] [[0, 19, 49, 50], [19, 0, 54, 55], [49, 54, 0, 15], [50, 55, 15, 0]]
[64, 69, 15, 15]
[64, 69, 15, 15]
[64, 69, 15, 15]
[64, 69, 15, 15]
(3, 8) [73, 75, 47, 44] [[0, 19, 49, 50], [19, 0, 54, 55], [49, 54, 0, 15], [50, 55, 15, 0]]
[64, 69, 15, 15]
[64, 69, 15, 15]
[64, 69, 15, 15]
[64, 69, 15, 15]
(11, 10) [83, 81, 41, 34] [[0, 19, 49, 50], [19, 0, 54, 55], [49, 54, 0, 15], [50, 55, 15, 0]]
[64, 69, 15, 15]
[64, 69, 15, 15]
[64, 69, 15, 15]
[64, 69, 15, 15]
(13, 8) [83, 85, 37, 34] [[0, 19, 49, 50], [19, 0, 54, 55], [49, 54, 0, 15], [50, 55, 15, 0]]
[64, 69, 15, 15]
[64, 69, 15, 15]
[64, 69, 15, 15]
[64, 69, 15, 15]
(22, 8) [92, 94, 28, 25] [[0, 19, 49, 50], [19, 0, 54, 55], [49, 54, 0, 15], [50, 55, 15, 0]]
[64, 69, 15, 15]
[64, 69, 15, 15]
[64, 69, 15, 15]
[64, 69, 15, 15]
(11, 11) [84, 80, 42, 33] [[0, 19, 49, 50], [19, 0, 54, 55], [49, 54, 0, 15], [50, 55, 15, 0]]
[64, 69, 15, 15]
[64, 69, 15, 15]
[64, 69, 15, 15]
[64, 69, 15, 15]
(12, 10) [84, 82, 40, 33] [[0, 19, 49, 50], [19, 0, 54, 55], [49, 54, 0, 15], [50, 55, 15, 0]]
[64, 69, 15, 15]
[64, 69, 15, 15]
[64, 69, 15, 15]
[64, 69, 15, 15]
(10, 10) [82, 80, 42, 35] [[0, 19, 49, 50], [19, 0, 54, 55], [49, 54, 0, 15], [50, 55, 15, 0]]
[64, 69, 15, 15]
[64, 69, 15, 15]
[64, 69, 15, 15]
[64, 69, 15, 15]
(23, 8) [93, 95, 27, 24] [[0, 19, 49, 50], [19, 0, 54, 55], [49, 54, 0, 15], [50, 55, 15, 0]]
[64, 69, 15, 15]
[64, 69, 15, 15]
[64, 69, 15, 15]
[64, 69, 15, 15]
(11, 12) [85, 79, 43, 32] [[0, 19, 49, 50], [19, 0, 54, 55], [49, 54, 0, 15], [50, 55, 15, 0]]
[64, 69, 15, 15]
[64, 69, 15, 15]
[64, 69, 15, 15]
[64, 69, 15, 15]
(13, 10) [85, 83, 39, 32] [[0, 19, 49, 50], [19, 0, 54, 55], [49, 54, 0, 15], [50, 55, 15, 0]]
[64, 69, 15, 15]
[64, 69, 15, 15]
[64, 69, 15, 15]
[64, 69, 15, 15]
(24, 8) [94, 96, 26, 23] [[0, 19, 49, 50], [19, 0, 54, 55], [49, 54, 0, 15], [50, 55, 15, 0]]
[64, 69, 15, 15]
[64, 69, 15, 15]
[64, 69, 15, 15]
[64, 69, 15, 15]
(14, 10) [86, 84, 38, 31] [[0, 19, 49, 50], [19, 0, 54, 55], [49, 54, 0, 15], [50, 55, 15, 0]]
[64, 69, 15, 15]
[64, 69, 15, 15]
[64, 69, 15, 15]
[64, 69, 15, 15]
(24, 9) [95, 95, 27, 22] [[0, 19, 49, 50], [19, 0, 54, 55], [49, 54, 0, 15], [50, 55, 15, 0]]
[64, 69, 15, 15]
[64, 69, 15, 15]
[64, 69, 15, 15]
[64, 69, 15, 15]
(24, 7) [93, 97, 25, 24] [[0, 19, 49, 50], [19, 0, 54, 55], [49, 54, 0, 15], [50, 55, 15, 0]]
[64, 69, 15, 15]
[64, 69, 15, 15]
[64, 69, 15, 15]
[64, 69, 15, 15]
(15, 10) [87, 85, 37, 30] [[0, 19, 49, 50], [19, 0, 54, 55], [49, 54, 0, 15], [50, 55, 15, 0]]
[64, 69, 15, 15]
[64, 69, 15, 15]
[64, 69, 15, 15]
[64, 69, 15, 15]
(24, 10) [96, 94, 28, 21] [[0, 19, 49, 50], [19, 0, 54, 55], [49, 54, 0, 15], [50, 55, 15, 0]]
[64, 69, 15, 15]
[64, 69, 15, 15]
[64, 69, 15, 15]
[64, 69, 15, 15]
(15, 9) [86, 86, 36, 31] [[0, 19, 49, 50], [19, 0, 54, 55], [49, 54, 0, 15], [50, 55, 15, 0]]
[64, 69, 15, 15]
[64, 69, 15, 15]
[64, 69, 15, 15]
[64, 69, 15, 15]
(16, 10) [88, 86, 36, 29] [[0, 19, 49, 50], [19, 0, 54, 55], [49, 54, 0, 15], [50, 55, 15, 0]]
[64, 69, 15, 15]
[64, 69, 15, 15]
[64, 69, 15, 15]
[64, 69, 15, 15]
(9, 6) [77, 83, 39, 40] [[0, 19, 49, 50], [19, 0, 54, 55], [49, 54, 0, 15], [50, 55, 15, 0]]
[64, 69, 15, 15]
[64, 69, 15, 15]
[64, 69, 15, 15]
[64, 69, 15, 15]
(1, 4) [67, 77, 45, 50] [[0, 19, 49, 50], [19, 0, 54, 55], [49, 54, 0, 15], [50, 55, 15, 0]]
[64, 69, 15, 15]
[64, 69, 15, 15]
[64, 69, 15, 15]
[64, 69, 15, 15]
(16, 6) [84, 90, 32, 33] [[0, 19, 49, 50], [19, 0, 54, 55], [49, 54, 0, 15], [50, 55, 15, 0]]
[64, 69, 15, 15]
[64, 69, 15, 15]
[64, 69, 15, 15]
[64, 69, 15, 15]
(9, 10) [81, 79, 43, 36] [[0, 19, 49, 50], [19, 0, 54, 55], [49, 54, 0, 15], [50, 55, 15, 0]]
[64, 69, 15, 15]
[64, 69, 15, 15]
[64, 69, 15, 15]
[64, 69, 15, 15]
(24, 6) [92, 98, 24, 25] [[0, 19, 49, 50], [19, 0, 54, 55], [49, 54, 0, 15], [50, 55, 15, 0]]
[64, 69, 15, 15]
[64, 69, 15, 15]
[64, 69, 15, 15]
[64, 69, 15, 15]
(15, 8) [85, 87, 35, 32] [[0, 19, 49, 50], [19, 0, 54, 55], [49, 54, 0, 15], [50, 55, 15, 0]]
[64, 69, 15, 15]
[64, 69, 15, 15]
[64, 69, 15, 15]
[64, 69, 15, 15]
(9, 7) [78, 82, 40, 39] [[0, 19, 49, 50], [19, 0, 54, 55], [49, 54, 0, 15], [50, 55, 15, 0]]
[64, 69, 15, 15]
[64, 69, 15, 15]
[64, 69, 15, 15]
[64, 69, 15, 15]
(24, 5) [91, 99, 23, 26] [[0, 19, 49, 50], [19, 0, 54, 55], [49, 54, 0, 15], [50, 55, 15, 0]]
[64, 69, 15, 15]
[64, 69, 15, 15]
[64, 69, 15, 15]
[64, 69, 15, 15]
(24, 4) [90, 100, 22, 27] [[0, 19, 49, 50], [19, 0, 54, 55], [49, 54, 0, 15], [50, 55, 15, 0]]
[64, 69, 15, 15]
[64, 69, 15, 15]
[64, 69, 15, 15]
[64, 69, 15, 15]
(25, 4) [91, 101, 21, 26] [[0, 19, 49, 50], [19, 0, 54, 55], [49, 54, 0, 15], [50, 55, 15, 0]]
[64, 69, 15, 15]
[64, 69, 15, 15]
[64, 69, 15, 15]
[64, 69, 15, 15]
(23, 4) [89, 99, 23, 28] [[0, 19, 49, 50], [19, 0, 54, 55], [49, 54, 0, 15], [50, 55, 15, 0]]
[64, 69, 15, 15]
[64, 69, 15, 15]
[64, 69, 15, 15]
[64, 69, 15, 15]
(26, 4) [92, 102, 20, 25] [[0, 19, 49, 50], [19, 0, 54, 55], [49, 54, 0, 15], [50, 55, 15, 0]]
[64, 69, 15, 15]
[64, 69, 15, 15]
[64, 69, 15, 15]
[64, 69, 15, 15]
(26, 5) [93, 101, 21, 24] [[0, 19, 49, 50], [19, 0, 54, 55], [49, 54, 0, 15], [50, 55, 15, 0]]
[64, 69, 15, 15]
[64, 69, 15, 15]
[64, 69, 15, 15]
[64, 69, 15, 15]
(26, 3) [91, 103, 19, 26] [[0, 19, 49, 50], [19, 0, 54, 55], [49, 54, 0, 15], [50, 55, 15, 0]]
[64, 69, 15, 15]
[64, 69, 15, 15]
[64, 69, 15, 15]
[64, 69, 15, 15]
(9, 11) [82, 78, 44, 35] [[0, 19, 49, 50], [19, 0, 54, 55], [49, 54, 0, 15], [50, 55, 15, 0]]
[64, 69, 15, 15]
[64, 69, 15, 15]
[64, 69, 15, 15]
[64, 69, 15, 15]
(16, 8) [86, 88, 34, 31] [[0, 19, 49, 50], [19, 0, 54, 55], [49, 54, 0, 15], [50, 55, 15, 0]]
[64, 69, 15, 15]
[64, 69, 15, 15]
[64, 69, 15, 15]
[64, 69, 15, 15]
(9, 8) [79, 81, 41, 38] [[0, 19, 49, 50], [19, 0, 54, 55], [49, 54, 0, 15], [50, 55, 15, 0]]
[64, 69, 15, 15]
[64, 69, 15, 15]
[64, 69, 15, 15]
[64, 69, 15, 15]
(9, 12) [83, 77, 45, 34] [[0, 19, 49, 50], [19, 0, 54, 55], [49, 54, 0, 15], [50, 55, 15, 0]]
[64, 69, 15, 15]
[64, 69, 15, 15]
[64, 69, 15, 15]
[64, 69, 15, 15]
(17, 8) [87, 89, 33, 30] [[0, 19, 49, 50], [19, 0, 54, 55], [49, 54, 0, 15], [50, 55, 15, 0]]
[64, 69, 15, 15]
[64, 69, 15, 15]
[64, 69, 15, 15]
[64, 69, 15, 15]
(18, 8) [88, 90, 32, 29] [[0, 19, 49, 50], [19, 0, 54, 55], [49, 54, 0, 15], [50, 55, 15, 0]]
[64, 69, 15, 15]
[64, 69, 15, 15]
[64, 69, 15, 15]
[64, 69, 15, 15]
(18, 9) [89, 89, 33, 28] [[0, 19, 49, 50], [19, 0, 54, 55], [49, 54, 0, 15], [50, 55, 15, 0]]
[64, 69, 15, 15]
[64, 69, 15, 15]
[64, 69, 15, 15]
[64, 69, 15, 15]
(18, 10) [90, 88, 34, 27] [[0, 19, 49, 50], [19, 0, 54, 55], [49, 54, 0, 15], [50, 55, 15, 0]]
[64, 69, 15, 15]
[64, 69, 15, 15]
[64, 69, 15, 15]
[64, 69, 15, 15]
(18, 11) [91, 87, 35, 26] [[0, 19, 49, 50], [19, 0, 54, 55], [49, 54, 0, 15], [50, 55, 15, 0]]
[64, 69, 15, 15]
[64, 69, 15, 15]
[64, 69, 15, 15]
[64, 69, 15, 15]
(19, 10) [91, 89, 33, 26] [[0, 19, 49, 50], [19, 0, 54, 55], [49, 54, 0, 15], [50, 55, 15, 0]]
[64, 69, 15, 15]
[64, 69, 15, 15]
[64, 69, 15, 15]
[64, 69, 15, 15]
(18, 12) [92, 86, 36, 25] [[0, 19, 49, 50], [19, 0, 54, 55], [49, 54, 0, 15], [50, 55, 15, 0]]
[64, 69, 15, 15]
[64, 69, 15, 15]
[64, 69, 15, 15]
[64, 69, 15, 15]
(20, 10) [92, 90, 32, 25] [[0, 19, 49, 50], [19, 0, 54, 55], [49, 54, 0, 15], [50, 55, 15, 0]]
[64, 69, 15, 15]
[64, 69, 15, 15]
[64, 69, 15, 15]
[64, 69, 15, 15]
(19, 12) [93, 87, 35, 24] [[0, 19, 49, 50], [19, 0, 54, 55], [49, 54, 0, 15], [50, 55, 15, 0]]
[64, 69, 15, 15]
[64, 69, 15, 15]
[64, 69, 15, 15]
[64, 69, 15, 15]
(17, 12) [91, 85, 37, 26] [[0, 19, 49, 50], [19, 0, 54, 55], [49, 54, 0, 15], [50, 55, 15, 0]]
[64, 69, 15, 15]
[64, 69, 15, 15]
[64, 69, 15, 15]
[64, 69, 15, 15]
(21, 10) [93, 91, 31, 24] [[0, 19, 49, 50], [19, 0, 54, 55], [49, 54, 0, 15], [50, 55, 15, 0]]
[64, 69, 15, 15]
[64, 69, 15, 15]
[64, 69, 15, 15]
[64, 69, 15, 15]
(20, 12) [94, 88, 34, 23] [[0, 19, 49, 50], [19, 0, 54, 55], [49, 54, 0, 15], [50, 55, 15, 0]]
[64, 69, 15, 15]
[64, 69, 15, 15]
[64, 69, 15, 15]
[64, 69, 15, 15]
(22, 10) [94, 92, 30, 23] [[0, 19, 49, 50], [19, 0, 54, 55], [49, 54, 0, 15], [50, 55, 15, 0]]
[64, 69, 15, 15]
[64, 69, 15, 15]
[64, 69, 15, 15]
[64, 69, 15, 15]
(21, 12) [95, 89, 33, 22] [[0, 19, 49, 50], [19, 0, 54, 55], [49, 54, 0, 15], [50, 55, 15, 0]]
[64, 69, 15, 15]
[64, 69, 15, 15]
[64, 69, 15, 15]
[64, 69, 15, 15]
(22, 12) [96, 90, 32, 21] [[0, 19, 49, 50], [19, 0, 54, 55], [49, 54, 0, 15], [50, 55, 15, 0]]
[64, 69, 15, 15]
[64, 69, 15, 15]
[64, 69, 15, 15]
[64, 69, 15, 15]
(23, 12) [97, 91, 31, 20] [[0, 19, 49, 50], [19, 0, 54, 55], [49, 54, 0, 15], [50, 55, 15, 0]]
[64, 69, 15, 15]
[64, 69, 15, 15]
[64, 69, 15, 15]
[64, 69, 15, 15]
(24, 12) [98, 92, 30, 19] [[0, 19, 49, 50], [19, 0, 54, 55], [49, 54, 0, 15], [50, 55, 15, 0]]
[64, 69, 15, 15]
[64, 69, 15, 15]
[64, 69, 15, 15]
[64, 69, 15, 15]
(25, 12) [99, 93, 29, 18] [[0, 19, 49, 50], [19, 0, 54, 55], [49, 54, 0, 15], [50, 55, 15, 0]]
[64, 69, 15, 15]
[64, 69, 15, 15]
[64, 69, 15, 15]
[64, 69, 15, 15]
(26, 12) [100, 94, 28, 17] [[0, 19, 49, 50], [19, 0, 54, 55], [49, 54, 0, 15], [50, 55, 15, 0]]
[64, 69, 15, 15]
[64, 69, 15, 15]
[64, 69, 15, 15]
[64, 69, 15, 15]
(26, 11) [99, 95, 27, 18] [[0, 19, 49, 50], [19, 0, 54, 55], [49, 54, 0, 15], [50, 55, 15, 0]]
[64, 69, 15, 15]
[64, 69, 15, 15]
[64, 69, 15, 15]
[64, 69, 15, 15]
(22, 4) [88, 98, 24, 29] [[0, 19, 49, 50], [19, 0, 54, 55], [49, 54, 0, 15], [50, 55, 15, 0]]
[64, 69, 15, 15]
[64, 69, 15, 15]
[64, 69, 15, 15]
[64, 69, 15, 15]
(26, 6) [94, 100, 22, 23] [[0, 19, 49, 50], [19, 0, 54, 55], [49, 54, 0, 15], [50, 55, 15, 0]]
[64, 69, 15, 15]
[64, 69, 15, 15]
[64, 69, 15, 15]
[64, 69, 15, 15]
(16, 12) [90, 84, 38, 27] [[0, 19, 49, 50], [19, 0, 54, 55], [49, 54, 0, 15], [50, 55, 15, 0]]
[64, 69, 15, 15]
[64, 69, 15, 15]
[64, 69, 15, 15]
[64, 69, 15, 15]
(26, 10) [98, 96, 26, 19] [[0, 19, 49, 50], [19, 0, 54, 55], [49, 54, 0, 15], [50, 55, 15, 0]]
[64, 83, 65, 64]
[64, 83, 65, 64]
[64, 83, 65, 64]
[64, 83, 65, 64]
(5, 4) [71, 95, 91, 95] [[0, 19, 49, 50], [19, 0, 54, 55], [49, 54, 0, 15], [50, 55, 15, 0]]
[64, 83, 65, 64]
[64, 83, 65, 64]
[64, 83, 65, 64]
[64, 83, 65, 64]
(3, 6) [71, 91, 95, 95] [[0, 19, 49, 50], [19, 0, 54, 55], [49, 54, 0, 15], [50, 55, 15, 0]]
[64, 69, 15, 15]
[64, 69, 15, 15]
[64, 69, 15, 15]
[64, 69, 15, 15]
(22, 5) [89, 97, 25, 28] [[0, 19, 49, 50], [19, 0, 54, 55], [49, 54, 0, 15], [50, 55, 15, 0]]
[64, 69, 15, 15]
[64, 69, 15, 15]
[64, 69, 15, 15]
[64, 69, 15, 15]
(22, 3) [87, 99, 23, 30] [[0, 19, 49, 50], [19, 0, 54, 55], [49, 54, 0, 15], [50, 55, 15, 0]]
[64, 69, 15, 15]
[64, 69, 15, 15]
[64, 69, 15, 15]
[64, 69, 15, 15]
(27, 6) [95, 101, 21, 22] [[0, 19, 49, 50], [19, 0, 54, 55], [49, 54, 0, 15], [50, 55, 15, 0]]
[64, 83, 65, 64]
[64, 83, 65, 64]
[64, 83, 65, 64]
[64, 83, 65, 64]
(6, 4) [72, 96, 90, 94] [[0, 19, 49, 50], [19, 0, 54, 55], [49, 54, 0, 15], [50, 55, 15, 0]]
[64, 83, 65, 64]
[64, 83, 65, 64]
[64, 83, 65, 64]
[64, 83, 65, 64]
(4, 4) [70, 94, 92, 96] [[0, 19, 49, 50], [19, 0, 54, 55], [49, 54, 0, 15], [50, 55, 15, 0]]
[64, 83, 65, 64]
[64, 83, 65, 64]
[64, 83, 65, 64]
[64, 83, 65, 64]
(3, 5) [70, 92, 94, 96] [[0, 19, 49, 50], [19, 0, 54, 55], [49, 54, 0, 15], [50, 55, 15, 0]]
[64, 83, 65, 64]
[64, 83, 65, 64]
[64, 83, 65, 64]
[64, 83, 65, 64]
(2, 6) [70, 90, 96, 96] [[0, 19, 49, 50], [19, 0, 54, 55], [49, 54, 0, 15], [50, 55, 15, 0]]
[64, 69, 15, 15]
[64, 69, 15, 15]
[64, 69, 15, 15]
[64, 69, 15, 15]
(22, 2) [86, 100, 22, 31] [[0, 19, 49, 50], [19, 0, 54, 55], [49, 54, 0, 15], [50, 55, 15, 0]]
[64, 69, 15, 15]
[64, 69, 15, 15]
[64, 69, 15, 15]
[64, 69, 15, 15]
(28, 6) [96, 102, 20, 21] [[0, 19, 49, 50], [19, 0, 54, 55], [49, 54, 0, 15], [50, 55, 15, 0]]
[64, 83, 65, 64]
[64, 83, 65, 64]
[64, 83, 65, 64]
[64, 83, 65, 64]
(3, 4) [69, 93, 93, 97] [[0, 19, 49, 50], [19, 0, 54, 55], [49, 54, 0, 15], [50, 55, 15, 0]]
[64, 83, 65, 64]
[64, 83, 65, 64]
[64, 83, 65, 64]
[64, 83, 65, 64]
(1, 6) [69, 89, 97, 97] [[0, 19, 49, 50], [19, 0, 54, 55], [49, 54, 0, 15], [50, 55, 15, 0]]
[64, 69, 15, 15]
[64, 69, 15, 15]
[64, 69, 15, 15]
[64, 69, 15, 15]
(22, 1) [85, 101, 21, 32] [[0, 19, 49, 50], [19, 0, 54, 55], [49, 54, 0, 15], [50, 55, 15, 0]]
[64, 69, 15, 15]
[64, 69, 15, 15]
[64, 69, 15, 15]
[64, 69, 15, 15]
(21, 2) [85, 99, 23, 32] [[0, 19, 49, 50], [19, 0, 54, 55], [49, 54, 0, 15], [50, 55, 15, 0]]
[64, 69, 15, 15]
[64, 69, 15, 15]
[64, 69, 15, 15]
[64, 69, 15, 15]
(28, 7) [97, 101, 21, 20] [[0, 19, 49, 50], [19, 0, 54, 55], [49, 54, 0, 15], [50, 55, 15, 0]]
[64, 69, 15, 15]
[64, 69, 15, 15]
[64, 69, 15, 15]
[64, 69, 15, 15]
(28, 5) [95, 103, 19, 22] [[0, 19, 49, 50], [19, 0, 54, 55], [49, 54, 0, 15], [50, 55, 15, 0]]
[64, 83, 65, 64]
[64, 83, 65, 64]
[64, 83, 65, 64]
[64, 83, 65, 64]
(3, 3) [68, 94, 92, 98] [[0, 19, 49, 50], [19, 0, 54, 55], [49, 54, 0, 15], [50, 55, 15, 0]]
[64, 83, 65, 64]
[64, 83, 65, 64]
[64, 83, 65, 64]
[64, 83, 65, 64]
(1, 7) [70, 88, 98, 96] [[0, 19, 49, 50], [19, 0, 54, 55], [49, 54, 0, 15], [50, 55, 15, 0]]
[64, 69, 15, 15]
[64, 69, 15, 15]
[64, 69, 15, 15]
[64, 69, 15, 15]
(28, 4) [94, 104, 18, 23] [[0, 19, 49, 50], [19, 0, 54, 55], [49, 54, 0, 15], [50, 55, 15, 0]]
[64, 83, 65, 64]
[64, 83, 65, 64]
[64, 83, 65, 64]
[64, 83, 65, 64]
(3, 2) [67, 95, 91, 99] [[0, 19, 49, 50], [19, 0, 54, 55], [49, 54, 0, 15], [50, 55, 15, 0]]
[64, 69, 15, 15]
[64, 69, 15, 15]
[64, 69, 15, 15]
[64, 69, 15, 15]
(28, 3) [93, 105, 17, 24] [[0, 19, 49, 50], [19, 0, 54, 55], [49, 54, 0, 15], [50, 55, 15, 0]]
[64, 83, 65, 64]
[64, 83, 65, 64]
[64, 83, 65, 64]
[64, 83, 65, 64]
(3, 1) [66, 96, 90, 100] [[0, 19, 49, 50], [19, 0, 54, 55], [49, 54, 0, 15], [50, 55, 15, 0]]
[64, 83, 65, 64]
[64, 83, 65, 64]
[64, 83, 65, 64]
[64, 83, 65, 64]
(2, 2) [66, 94, 92, 100] [[0, 19, 49, 50], [19, 0, 54, 55], [49, 54, 0, 15], [50, 55, 15, 0]]
[64, 69, 15, 15]
[64, 69, 15, 15]
[64, 69, 15, 15]
[64, 69, 15, 15]
(28, 2) [92, 106, 16, 25] [[0, 19, 49, 50], [19, 0, 54, 55], [49, 54, 0, 15], [50, 55, 15, 0]]
[64, 83, 65, 64]
[64, 83, 65, 64]
[64, 83, 65, 64]
[64, 83, 65, 64]
(2, 1) [65, 95, 91, 101] [[0, 19, 49, 50], [19, 0, 54, 55], [49, 54, 0, 15], [50, 55, 15, 0]]
[64, 83, 65, 64]
[64, 83, 65, 64]
[64, 83, 65, 64]
[64, 83, 65, 64]
(1, 2) [65, 93, 93, 101] [[0, 19, 49, 50], [19, 0, 54, 55], [49, 54, 0, 15], [50, 55, 15, 0]]
(1, 1) 50
(1, 12) 55
(28, 12) 0
[50, 55, 15, 0]
[50, 55, 15, 0]
[50, 55, 15, 0]
[50, 55, 15, 0]
(28, 1) [77, 93, 15, 11] [[0, 19, 49, 50], [19, 0, 54, 55], [49, 54, 0, 15], [50, 55, 15, 0]]
[50, 55, 15, 0]
[50, 55, 15, 0]
[50, 55, 15, 0]
[50, 55, 15, 0]
(28, 2) [78, 92, 16, 10] [[0, 19, 49, 50], [19, 0, 54, 55], [49, 54, 0, 15], [50, 55, 15, 0]]
[50, 55, 15, 0]
[50, 55, 15, 0]
[50, 55, 15, 0]
[50, 55, 15, 0]
(27, 1) [76, 92, 16, 12] [[0, 19, 49, 50], [19, 0, 54, 55], [49, 54, 0, 15], [50, 55, 15, 0]]
[50, 55, 15, 0]
[50, 55, 15, 0]
[50, 55, 15, 0]
[50, 55, 15, 0]
(28, 3) [79, 91, 17, 9] [[0, 19, 49, 50], [19, 0, 54, 55], [49, 54, 0, 15], [50, 55, 15, 0]]
[50, 55, 15, 0]
[50, 55, 15, 0]
[50, 55, 15, 0]
[50, 55, 15, 0]
(28, 4) [80, 90, 18, 8] [[0, 19, 49, 50], [19, 0, 54, 55], [49, 54, 0, 15], [50, 55, 15, 0]]
[50, 55, 15, 0]
[50, 55, 15, 0]
[50, 55, 15, 0]
[50, 55, 15, 0]
(28, 5) [81, 89, 19, 7] [[0, 19, 49, 50], [19, 0, 54, 55], [49, 54, 0, 15], [50, 55, 15, 0]]
[50, 55, 15, 0]
[50, 55, 15, 0]
[50, 55, 15, 0]
[50, 55, 15, 0]
(28, 6) [82, 88, 20, 6] [[0, 19, 49, 50], [19, 0, 54, 55], [49, 54, 0, 15], [50, 55, 15, 0]]
[50, 55, 15, 0]
[50, 55, 15, 0]
[50, 55, 15, 0]
[50, 55, 15, 0]
(28, 7) [83, 87, 21, 5] [[0, 19, 49, 50], [19, 0, 54, 55], [49, 54, 0, 15], [50, 55, 15, 0]]
[50, 55, 15, 0]
[50, 55, 15, 0]
[50, 55, 15, 0]
[50, 55, 15, 0]
(27, 6) [81, 87, 21, 7] [[0, 19, 49, 50], [19, 0, 54, 55], [49, 54, 0, 15], [50, 55, 15, 0]]
[50, 55, 15, 0]
[50, 55, 15, 0]
[50, 55, 15, 0]
[50, 55, 15, 0]
(28, 8) [84, 86, 22, 4] [[0, 19, 49, 50], [19, 0, 54, 55], [49, 54, 0, 15], [50, 55, 15, 0]]
[50, 55, 15, 0]
[50, 55, 15, 0]
[50, 55, 15, 0]
[50, 55, 15, 0]
(27, 8) [83, 85, 23, 5] [[0, 19, 49, 50], [19, 0, 54, 55], [49, 54, 0, 15], [50, 55, 15, 0]]
[50, 55, 15, 0]
[50, 55, 15, 0]
[50, 55, 15, 0]
[50, 55, 15, 0]
(26, 1) [75, 91, 17, 13] [[0, 19, 49, 50], [19, 0, 54, 55], [49, 54, 0, 15], [50, 55, 15, 0]]
[50, 55, 15, 0]
[50, 55, 15, 0]
[50, 55, 15, 0]
[50, 55, 15, 0]
(26, 6) [80, 86, 22, 8] [[0, 19, 49, 50], [19, 0, 54, 55], [49, 54, 0, 15], [50, 55, 15, 0]]
[50, 55, 15, 0]
[50, 55, 15, 0]
[50, 55, 15, 0]
[50, 55, 15, 0]
(26, 8) [82, 84, 24, 6] [[0, 19, 49, 50], [19, 0, 54, 55], [49, 54, 0, 15], [50, 55, 15, 0]]
[64, 83, 65, 64]
[64, 83, 65, 64]
[64, 83, 65, 64]
[64, 83, 65, 64]
(1, 3) [66, 92, 94, 100] [[0, 19, 49, 50], [19, 0, 54, 55], [49, 54, 0, 15], [50, 55, 15, 0]]
[50, 55, 15, 0]
[50, 55, 15, 0]
[50, 55, 15, 0]
[50, 55, 15, 0]
(25, 1) [74, 90, 18, 14] [[0, 19, 49, 50], [19, 0, 54, 55], [49, 54, 0, 15], [50, 55, 15, 0]]
[50, 55, 15, 0]
[50, 55, 15, 0]
[50, 55, 15, 0]
[50, 55, 15, 0]
(26, 5) [79, 87, 21, 9] [[0, 19, 49, 50], [19, 0, 54, 55], [49, 54, 0, 15], [50, 55, 15, 0]]
[50, 55, 15, 0]
[50, 55, 15, 0]
[50, 55, 15, 0]
[50, 55, 15, 0]
(26, 9) [83, 83, 25, 5] [[0, 19, 49, 50], [19, 0, 54, 55], [49, 54, 0, 15], [50, 55, 15, 0]]
[50, 55, 15, 0]
[50, 55, 15, 0]
[50, 55, 15, 0]
[50, 55, 15, 0]
(26, 10) [84, 82, 26, 4] [[0, 19, 49, 50], [19, 0, 54, 55], [49, 54, 0, 15], [50, 55, 15, 0]]
[50, 55, 15, 0]
[50, 55, 15, 0]
[50, 55, 15, 0]
[50, 55, 15, 0]
(26, 11) [85, 81, 27, 3] [[0, 19, 49, 50], [19, 0, 54, 55], [49, 54, 0, 15], [50, 55, 15, 0]]
[50, 55, 15, 0]
[50, 55, 15, 0]
[50, 55, 15, 0]
[50, 55, 15, 0]
(27, 10) [85, 83, 25, 3] [[0, 19, 49, 50], [19, 0, 54, 55], [49, 54, 0, 15], [50, 55, 15, 0]]
[50, 55, 15, 0]
[50, 55, 15, 0]
[50, 55, 15, 0]
[50, 55, 15, 0]
(26, 12) [86, 80, 28, 2] [[0, 19, 49, 50], [19, 0, 54, 55], [49, 54, 0, 15], [50, 55, 15, 0]]
[50, 55, 15, 0]
[50, 55, 15, 0]
[50, 55, 15, 0]
[50, 55, 15, 0]
(28, 10) [86, 84, 24, 2] [[0, 19, 49, 50], [19, 0, 54, 55], [49, 54, 0, 15], [50, 55, 15, 0]]
[50, 55, 15, 0]
[50, 55, 15, 0]
[50, 55, 15, 0]
[50, 55, 15, 0]
(25, 12) [85, 79, 29, 3] [[0, 19, 49, 50], [19, 0, 54, 55], [49, 54, 0, 15], [50, 55, 15, 0]]
[50, 55, 15, 0]
[50, 55, 15, 0]
[50, 55, 15, 0]
[50, 55, 15, 0]
(28, 11) [87, 83, 25, 1] [[0, 19, 49, 50], [19, 0, 54, 55], [49, 54, 0, 15], [50, 55, 15, 0]]
(1, 1) 0
(1, 12) 0
(28, 1) 0
[0, 0, 0, 0]
[0, 0, 0, 0]
[0, 0, 0, 0]
[0, 0, 0, 0]
(28, 12) [38, 27, 11, 0] [[0, 19, 49, 50], [19, 0, 54, 55], [49, 54, 0, 15], [50, 55, 15, 0]]
path: ['North', 'East', 'East', 'East', 'East', 'North', 'North', 'West', 'West', 'West', 'West', 'West', 'West', 'South', 'South', 'South', 'West', 'West', 'North', 'East', 'East', 'North', 'North', 'North', 'North', 'East', 'East', 'North', 'North', 'North', 'North', 'North', 'North', 'West', 'West', 'West', 'West', 'East', 'East', 'East', 'East', 'South', 'South', 'South', 'South', 'South', 'South', 'South', 'South', 'East', 'East', 'East', 'East', 'East', 'East', 'South', 'South', 'East', 'East', 'East', 'East', 'East', 'North', 'North', 'East', 'East', 'North', 'North', 'East', 'East', 'North', 'North', 'East', 'East', 'East', 'East', 'South', 'South', 'South', 'South', 'East', 'East', 'North', 'North', 'East', 'East', 'South', 'South', 'South', 'South', 'South', 'North', 'North', 'North', 'North', 'North', 'North', 'North', 'West', 'West', 'North', 'North', 'East', 'East', 'North', 'North']
path length: 106
*** PASS: Heuristic resulted in expansion of 311 nodes

### Question q6: 0/3 ###


Finished at 21:36:01

Provisional grades
==================
Question q4: 0/3
Question q6: 0/3
------------------
Total: 0/6

Your grades are NOT yet registered.  To register your grades, make sure
to follow your instructor's guidelines to receive credit on your project.

