(5, 1) 92
(5, 2) 94
(5, 1) 94
(6, 2) 96
(5, 2) 96
(7, 2) 98
(6, 2) 98
(8, 2) 100
(7, 2) 100
(9, 2) 102
(8, 2) 102
(9, 3) 104
(9, 2) 104
(9, 4) 106
(9, 3) 106
(8, 4) 106
(7, 4) 106
(6, 4) 106
(5, 4) 106
(5, 5) 106
(4, 4) 106
(5, 6) 106
(3, 4) 106
(5, 7) 106
(4, 6) 106
(3, 5) 106
(3, 3) 106
(5, 8) 106
(3, 6) 106
(3, 6) 106
(3, 2) 106
(5, 9) 106
(2, 6) 106
(3, 1) 106
(2, 2) 106
(5, 10) 106
(1, 6) 106
(2, 1) 106
(1, 1) 98
(1, 2) 98
(1, 3) 98
(1, 4) 98
(2, 1) 100
(1, 1) 100
(2, 2) 100
(1, 2) 100
(1, 3) 100
(2, 2) 100
(1, 1) 100
(1, 2) 100
(3, 1) 102
(2, 1) 102
(3, 2) 102
(3, 2) 102
(2, 1) 102
(3, 3) 102
(2, 2) 102
(3, 4) 102
(3, 5) 102
(3, 6) 102
(2, 6) 102
(1, 6) 102
(1, 7) 102
(1, 8) 102
(3, 1) 104
(3, 2) 104
(3, 3) 104
(4, 4) 104
(3, 4) 104
(3, 5) 104
(4, 6) 104
(3, 6) 104
(2, 6) 104
(1, 6) 104
(1, 7) 104
(2, 8) 104
(3, 4) 104
(3, 6) 104
(1, 8) 104
(2, 1) 106
(1, 2) 106
(1, 1) 98
(5, 11) 106
(4, 10) 106
(1, 7) 106
(5, 4) 106
(5, 6) 106
(3, 8) 106
(5, 12) 106
(4, 11) 106
(4, 11) 106
(3, 10) 106
(1, 8) 106
(5, 5) 106
(4, 4) 106
(5, 7) 106
(4, 6) 106
(2, 8) 106
(4, 12) 106
(4, 12) 106
(3, 11) 106
(3, 11) 106
(2, 10) 106
(5, 6) 106
(5, 8) 106
(3, 12) 106
(3, 12) 106
(2, 11) 106
(2, 11) 106
(1, 10) 106
(5, 9) 106
(2, 12) 106
(1, 12) 98
(1, 11) 98
(1, 10) 98
(2, 12) 100
(1, 12) 100
(2, 11) 100
(1, 11) 100
(2, 10) 100
(2, 11) 100
(1, 12) 100
(2, 10) 100
(1, 11) 100
(1, 10) 100
(3, 12) 102
(2, 12) 102
(3, 11) 102
(2, 11) 102
(3, 10) 102
(3, 11) 102
(2, 12) 102
(3, 10) 102
(2, 11) 102
(2, 10) 102
(4, 12) 104
(3, 12) 104
(4, 11) 104
(3, 11) 104
(4, 10) 104
(4, 11) 104
(3, 12) 104
(4, 10) 104
(3, 11) 104
(3, 10) 104
(2, 12) 106
(1, 11) 106
(1, 12) 98
(1, 11) 106
(5, 10) 106
(5, 12) 106
(4, 12) 106
(5, 11) 106
(4, 11) 106
(5, 10) 106
(5, 11) 106
(4, 10) 106
(5, 11) 106
(4, 12) 106
(5, 10) 106
(4, 11) 106
(5, 9) 106
(4, 10) 106
(5, 12) 106
(4, 11) 106
(4, 11) 106
(3, 10) 106
(5, 8) 106
(4, 12) 106
(4, 12) 106
(3, 11) 106
(3, 11) 106
(2, 10) 106
(5, 7) 106
(3, 12) 106
(3, 12) 106
(2, 11) 106
(2, 11) 106
(1, 10) 106
(5, 6) 106
(2, 12) 106
(1, 12) 79
(2, 12) 79
(3, 12) 79
(4, 12) 79
(5, 12) 79
(6, 12) 79
(7, 12) 79
(1, 11) 81
(2, 11) 81
(1, 12) 81
(3, 11) 81
(2, 12) 81
(4, 11) 81
(3, 12) 81
(5, 11) 81
(4, 12) 81
(6, 11) 81
(5, 12) 81
(7, 11) 81
(6, 12) 81
(1, 12) 81
(2, 11) 81
(2, 12) 81
(3, 11) 81
(3, 12) 81
(4, 11) 81
(4, 12) 81
(5, 11) 81
(5, 12) 81
(6, 11) 81
(6, 12) 81
(7, 11) 81
(7, 12) 81
(1, 10) 83
(2, 10) 83
(1, 11) 83
(3, 10) 83
(2, 11) 83
(4, 10) 83
(3, 11) 83
(5, 10) 83
(4, 11) 83
(6, 10) 83
(5, 11) 83
(7, 10) 83
(6, 11) 83
(1, 11) 83
(2, 10) 83
(2, 11) 83
(3, 10) 83
(3, 11) 83
(4, 10) 83
(4, 11) 83
(5, 10) 83
(5, 11) 83
(6, 10) 83
(6, 11) 83
(7, 10) 83
(7, 11) 83
(1, 10) 85
(2, 10) 85
(3, 10) 85
(5, 9) 85
(4, 10) 85
(5, 10) 85
(6, 10) 85
(5, 10) 85
(5, 8) 87
(5, 9) 87
(5, 7) 89
(5, 8) 89
(5, 6) 90
(5, 5) 90
(6, 6) 90
(5, 4) 90
(7, 6) 90
(6, 4) 90
(7, 4) 90
(8, 4) 90
(9, 4) 90
(9, 3) 90
(10, 4) 90
(9, 2) 90
(11, 4) 90
(11, 3) 90
(12, 4) 90
(11, 2) 90
(13, 4) 90
(11, 1) 90
(12, 2) 90
(12, 1) 90
(12, 1) 90
(13, 2) 90
(13, 1) 90
(13, 1) 90
(14, 2) 90
(14, 1) 90
(14, 1) 90
(15, 2) 90
(15, 1) 90
(15, 1) 90
(16, 2) 90
(16, 1) 90
(16, 1) 90
(5, 7) 91
(7, 7) 91
(7, 8) 91
(4, 6) 92
(5, 6) 92
(5, 6) 92
(5, 5) 92
(4, 4) 92
(6, 6) 92
(5, 4) 92
(6, 4) 92
(7, 4) 92
(8, 4) 92
(9, 4) 92
(9, 4) 92
(9, 3) 92
(8, 2) 92
(10, 4) 92
(11, 4) 92
(11, 4) 92
(11, 3) 92
(13, 5) 92
(12, 4) 92
(11, 2) 92
(11, 2) 92
(12, 2) 92
(11, 1) 92
(12, 2) 92
(13, 2) 92
(12, 1) 92
(13, 2) 92
(14, 2) 92
(13, 1) 92
(14, 2) 92
(15, 2) 92
(14, 1) 92
(16, 3) 92
(15, 2) 92
(16, 2) 92
(15, 1) 92
(7, 6) 92
(5, 6) 92
(5, 4) 92
(9, 2) 92
(13, 4) 92
(16, 2) 92
(7, 7) 93
(3, 6) 94
(3, 4) 94
(7, 2) 94
(13, 6) 94
(16, 4) 94
(3, 5) 94
(4, 6) 94
(3, 3) 94
(4, 4) 94
(8, 2) 94
(13, 5) 94
(16, 3) 94
(17, 4) 94
(3, 4) 94
(3, 2) 94
(18, 4) 94
(3, 1) 94
(18, 3) 94
(19, 4) 94
(18, 2) 94
(20, 4) 94
(18, 1) 94
(2, 6) 96
(3, 5) 96
(6, 2) 96
(12, 6) 96
(3, 6) 96
(3, 4) 96
(16, 4) 96
(3, 3) 96
(2, 2) 96
(18, 5) 96
(17, 4) 96
(3, 2) 96
(2, 1) 96
(18, 4) 96
(18, 4) 96
(18, 3) 96
(19, 4) 96
(18, 2) 96
(3, 6) 96
(7, 2) 96
(13, 6) 96
(2, 1) 96
(3, 2) 96
(18, 4) 96
(3, 1) 96
(1, 6) 98
(5, 2) 98
(11, 6) 98
(1, 2) 98
(18, 6) 98
(2, 2) 98
(1, 1) 98
(2, 6) 98
(5, 1) 98
(6, 2) 98
(12, 6) 98
(1, 1) 98
(2, 2) 98
(18, 5) 98
(19, 6) 98
(2, 1) 98
(20, 6) 98
(1, 7) 99
(11, 7) 99
(20, 7) 99
(1, 8) 99
(11, 8) 99
(20, 8) 99
(2, 8) 99
(11, 9) 99
(12, 8) 99
(21, 8) 99
(3, 8) 99
(11, 10) 99
(13, 8) 99
(22, 8) 99
(11, 11) 99
(12, 10) 99
(23, 8) 99
(11, 12) 99
(13, 10) 99
(24, 8) 99
(14, 10) 99
(24, 9) 99
(15, 10) 99
(24, 10) 99
(16, 10) 99
(10, 6) 100
(1, 3) 100
(17, 6) 100
(1, 2) 100
(5, 2) 100
(18, 6) 100
(19, 6) 100
(1, 6) 100
(11, 6) 100
(20, 6) 100
(11, 6) 100
(1, 2) 100
(18, 6) 100
(1, 7) 101
(11, 7) 101
(20, 7) 101
(1, 8) 101
(11, 8) 101
(11, 8) 101
(20, 8) 101
(2, 8) 101
(11, 9) 101
(10, 10) 101
(12, 8) 101
(21, 8) 101
(11, 10) 101
(11, 10) 101
(22, 8) 101
(11, 11) 101
(12, 10) 101
(24, 7) 101
(23, 8) 101
(13, 10) 101
(24, 8) 101
(15, 9) 101
(14, 10) 101
(24, 9) 101
(15, 10) 101
(11, 10) 101
(24, 8) 101
(15, 10) 101
(9, 6) 102
(1, 4) 102
(16, 6) 102
(24, 6) 102
(10, 6) 102
(1, 3) 102
(17, 6) 102
(24, 5) 102
(24, 4) 102
(25, 4) 102
(26, 4) 102
(26, 3) 102
(9, 10) 103
(15, 8) 103
(9, 7) 103
(24, 7) 103
(9, 11) 103
(10, 10) 103
(15, 9) 103
(16, 8) 103
(9, 8) 103
(9, 12) 103
(17, 8) 103
(18, 8) 103
(18, 9) 103
(18, 10) 103
(18, 11) 103
(19, 10) 103
(18, 12) 103
(20, 10) 103
(19, 12) 103
(21, 10) 103
(20, 12) 103
(22, 10) 103
(21, 12) 103
(22, 12) 103
(23, 12) 103
(24, 12) 103
(25, 12) 103
(26, 12) 103
(24, 6) 104
(24, 5) 104
(23, 4) 104
(24, 4) 104
(26, 5) 104
(25, 4) 104
(26, 4) 104
(9, 6) 104
(24, 4) 104
(26, 4) 104
(9, 10) 105
(15, 8) 105
(9, 7) 105
(9, 11) 105
(16, 8) 105
(17, 8) 105
(18, 8) 105
(18, 9) 105
(18, 10) 105
(18, 10) 105
(18, 11) 105
(17, 12) 105
(19, 10) 105
(18, 12) 105
(20, 10) 105
(19, 12) 105
(21, 10) 105
(20, 12) 105
(21, 12) 105
(22, 12) 105
(23, 12) 105
(24, 12) 105
(26, 11) 105
(25, 12) 105
(18, 12) 105
(26, 12) 105
(2, 12) 106
(1, 11) 106
(1, 12) 79
(1, 11) 106
(5, 5) 106
(4, 6) 106
(22, 4) 106
(26, 6) 106
(5, 4) 106
(3, 6) 106
(22, 3) 106
(23, 4) 106
(26, 5) 106
(27, 6) 106
(4, 4) 106
(3, 5) 106
(2, 6) 106
(22, 2) 106
(28, 6) 106
(3, 4) 106
(3, 4) 106
(1, 6) 106
(22, 1) 106
(28, 5) 106
(3, 3) 106
(28, 4) 106
(3, 2) 106
(28, 3) 106
(3, 1) 106
(2, 2) 106
(28, 2) 106
(28, 1) 102
(28, 2) 102
(28, 3) 102
(28, 4) 102
(28, 5) 102
(28, 6) 102
(28, 7) 102
(28, 8) 102
(27, 1) 104
(28, 1) 104
(28, 2) 104
(28, 3) 104
(28, 4) 104
(28, 5) 104
(27, 6) 104
(28, 6) 104
(28, 7) 104
(27, 8) 104
(28, 1) 104
(28, 6) 104
(28, 8) 104
(2, 1) 106
(1, 1) 84
(2, 1) 106
(1, 2) 106
(1, 1) 84
(26, 1) 106
(26, 6) 106
(26, 8) 106
(27, 1) 106
(27, 6) 106
(26, 9) 106
(27, 8) 106
(26, 10) 106
(26, 11) 106
(27, 10) 106
(26, 12) 106
(28, 10) 106
(28, 11) 106
(28, 12) 106
Path found with total cost of 106 in 0.1 seconds
Search nodes expanded: 311
Pacman emerges victorious! Score: 434
Average Score: 434.0
Scores:        434.0
Win Rate:      1/1 (1.00)
Record:        Win
